#
# There is insufficient memory for the Java Runtime Environment to continue.
# Native memory allocation (mmap) failed to map 79691776 bytes for committing reserved memory.
# Possible reasons:
#   The system is out of physical RAM or swap space
#   In 32 bit mode, the process size limit was hit
# Possible solutions:
#   Reduce memory load on the system
#   Increase physical memory or swap space
#   Check if swap backing store is full
#   Use 64 bit Java on a 64 bit OS
#   Decrease Java heap size (-Xmx/-Xms)
#   Decrease number of Java threads
#   Decrease Java thread stack sizes (-Xss)
#   Set larger code cache with -XX:ReservedCodeCacheSize=
# This output file may be truncated or incomplete.
#
#  Out of Memory Error (os_linux.cpp:2627), pid=8033, tid=0x00007fdb9bfff700
#
# JRE version: OpenJDK Runtime Environment (8.0_76-b03) (build 1.8.0_76-release-b03)
# Java VM: OpenJDK 64-Bit Server VM (25.76-b03 mixed mode linux-amd64 compressed oops)
# Failed to write core dump. Core dumps have been disabled. To enable core dumping, try "ulimit -c unlimited" before starting Java again
#

---------------  T H R E A D  ---------------

Current thread (0x00007fdbc0077000):  VMThread [stack: 0x00007fdb9beff000,0x00007fdb9c000000] [id=8041]

Stack: [0x00007fdb9beff000,0x00007fdb9c000000],  sp=0x00007fdb9bffe4d0,  free space=1021k
Native frames: (J=compiled Java code, j=interpreted, Vv=VM code, C=native code)
V  [libjvm.so+0x9d9fcd]  VMError::report_and_die()+0x15d
V  [libjvm.so+0x4b4d4a]  report_vm_out_of_memory(char const*, int, unsigned long, VMErrorType, char const*)+0x8a
V  [libjvm.so+0x845190]  os::pd_commit_memory(char*, unsigned long, unsigned long, bool)+0xf0
V  [libjvm.so+0x83fcbf]  os::commit_memory(char*, unsigned long, unsigned long, bool)+0x1f
V  [libjvm.so+0x8b4d9b]  PSVirtualSpace::expand_by(unsigned long)+0x5b
V  [libjvm.so+0x8a5b7b]  PSOldGen::expand_by(unsigned long) [clone .part.109]+0x1b
V  [libjvm.so+0x8a5d3b]  PSOldGen::expand(unsigned long) [clone .part.111]+0xdb
V  [libjvm.so+0x8a6618]  PSOldGen::resize(unsigned long)+0x188
V  [libjvm.so+0x8abc2c]  PSParallelCompact::invoke_no_policy(bool)+0x97c
V  [libjvm.so+0x8b2d3d]  PSScavenge::invoke()+0x17d
V  [libjvm.so+0x8681f3]  ParallelScavengeHeap::failed_mem_allocate(unsigned long)+0x63
V  [libjvm.so+0x9dba94]  VM_ParallelGCFailedAllocation::doit()+0x84
V  [libjvm.so+0x9dfe47]  VM_Operation::evaluate()+0x47
V  [libjvm.so+0x9de908]  VMThread::evaluate_operation(VM_Operation*)+0x2c8
V  [libjvm.so+0x9ded89]  VMThread::loop()+0x219
V  [libjvm.so+0x9df1d2]  VMThread::run()+0x72
V  [libjvm.so+0x8425b2]  java_start(Thread*)+0xf2

VM_Operation (0x00007fdb2bffdd30): ParallelGCFailedAllocation, mode: safepoint, requested by thread 0x00007fdb3c01a800


---------------  P R O C E S S  ---------------

Java Threads: ( => current thread )
  0x00007fdb4007d800 JavaThread "pool-19-thread-4" [_thread_blocked, id=8296, stack(0x00007fdb2bdfe000,0x00007fdb2beff000)]
  0x00007fdb4007c800 JavaThread "pool-19-thread-3" [_thread_blocked, id=8295, stack(0x00007fdb48719000,0x00007fdb4881a000)]
  0x00007fdb4007b800 JavaThread "pool-19-thread-2" [_thread_blocked, id=8294, stack(0x00007fdb48b1d000,0x00007fdb48c1e000)]
  0x00007fdb4007a800 JavaThread "pool-20-thread-1" [_thread_blocked, id=8293, stack(0x00007fdb4881a000,0x00007fdb4891b000)]
  0x00007fdb40079800 JavaThread "pool-19-thread-1" [_thread_blocked, id=8292, stack(0x00007fdb2b8f9000,0x00007fdb2b9fa000)]
  0x00007fdb3c01c800 JavaThread "pool-11-thread-4" [_thread_blocked, id=8284, stack(0x00007fdb2b9fa000,0x00007fdb2bafb000)]
  0x00007fdb3c01a800 JavaThread "pool-11-thread-3" [_thread_blocked, id=8279, stack(0x00007fdb2beff000,0x00007fdb2c000000)]
  0x00007fdb3c018800 JavaThread "pool-11-thread-2" [_thread_blocked, id=8274, stack(0x00007fdb48416000,0x00007fdb48517000)]
  0x00007fdb3c017000 JavaThread "pool-16-thread-1" [_thread_blocked, id=8269, stack(0x00007fdb4891b000,0x00007fdb48a1c000)]
  0x00007fdb3c016000 JavaThread "pool-11-thread-1" [_thread_blocked, id=8268, stack(0x00007fdb48a1c000,0x00007fdb48b1d000)]
  0x00007fdb3400a000 JavaThread "pool-8-thread-4" [_thread_blocked, id=8266, stack(0x00007fdb49809000,0x00007fdb4990a000)]
  0x00007fdb3000e000 JavaThread "pool-8-thread-3" [_thread_blocked, id=8265, stack(0x00007fdb49708000,0x00007fdb49809000)]
  0x00007fdb2c009800 JavaThread "pool-8-thread-2" [_thread_blocked, id=8264, stack(0x00007fdb49a44000,0x00007fdb49b45000)]
  0x00007fdb3800b000 JavaThread "pool-8-thread-1" [_thread_blocked, id=8263, stack(0x00007fdb49607000,0x00007fdb49708000)]
  0x00007fdb84087800 JavaThread "pool-7-thread-4" [_thread_blocked, id=8262, stack(0x00007fdb49943000,0x00007fdb49a44000)]
  0x00007fdb84086800 JavaThread "pool-7-thread-3" [_thread_blocked, id=8261, stack(0x00007fdb49506000,0x00007fdb49607000)]
  0x00007fdb8407d000 JavaThread "pool-7-thread-2" [_thread_blocked, id=8260, stack(0x00007fdb9803f000,0x00007fdb98140000)]
  0x00007fdb8407c800 JavaThread "pool-7-thread-1" [_thread_blocked, id=8259, stack(0x00007fdb4aaff000,0x00007fdb4ac00000)]
  0x00007fdb9c037000 JavaThread "process reaper" daemon [_thread_blocked, id=8254, stack(0x00007fdb4990a000,0x00007fdb49943000)]
  0x00007fdb84002000 JavaThread "Stdin handler" [_thread_blocked, id=8247, stack(0x00007fdb9929f000,0x00007fdb993a0000)]
  0x00007fdb84001000 JavaThread "Asynchronous log dispatcher for org.gradle.launcher.daemon.server.DefaultDaemonConnection@1cf68556" [_thread_blocked, id=8246, stack(0x00007fdb993a0000,0x00007fdb994a1000)]
  0x00007fdb6400c800 JavaThread "Daemon worker Thread 2" [_thread_blocked, id=8243, stack(0x00007fdb995a2000,0x00007fdb996a3000)]
  0x00007fdb64008800 JavaThread "Cancel handler" [_thread_blocked, id=8242, stack(0x00007fdb996a3000,0x00007fdb997a4000)]
  0x00007fdb64003800 JavaThread "Handler for socket connection from /127.0.0.1:34393 to /127.0.0.1:37224" [_thread_in_native, id=8241, stack(0x00007fdb994a1000,0x00007fdb995a2000)]
  0x00007fdb6c030000 JavaThread "Daemon Thread 2" [_thread_blocked, id=8240, stack(0x00007fdb997a4000,0x00007fdb998a5000)]
  0x00007fdb38005000 JavaThread "stdout" daemon [_thread_in_native, id=8089, stack(0x00007fdb49b45000,0x00007fdb49c46000)]
  0x00007fdb38003000 JavaThread "stderr" daemon [_thread_in_native, id=8088, stack(0x00007fdb49c46000,0x00007fdb49d47000)]
  0x00007fdb40005800 JavaThread "stdout" daemon [_thread_in_native, id=8087, stack(0x00007fdb49d47000,0x00007fdb49e48000)]
  0x00007fdb40003800 JavaThread "stderr" daemon [_thread_in_native, id=8086, stack(0x00007fdb49e48000,0x00007fdb49f49000)]
  0x00007fdb34005000 JavaThread "stdout" daemon [_thread_in_native, id=8085, stack(0x00007fdb49f49000,0x00007fdb4a04a000)]
  0x00007fdb34003000 JavaThread "stderr" daemon [_thread_in_native, id=8084, stack(0x00007fdb4a04a000,0x00007fdb4a14b000)]
  0x00007fdb2c005000 JavaThread "stdout" daemon [_thread_in_native, id=8083, stack(0x00007fdb4a14b000,0x00007fdb4a24c000)]
  0x00007fdb2c003000 JavaThread "stderr" daemon [_thread_in_native, id=8082, stack(0x00007fdb4a24c000,0x00007fdb4a34d000)]
  0x00007fdb30005000 JavaThread "stdout" daemon [_thread_in_native, id=8081, stack(0x00007fdb4a34d000,0x00007fdb4a44e000)]
  0x00007fdb30004000 JavaThread "stderr" daemon [_thread_in_native, id=8080, stack(0x00007fdb4a44e000,0x00007fdb4a54f000)]
  0x00007fdb38001000 JavaThread "process reaper" daemon [_thread_in_native, id=8079, stack(0x00007fdb4a54f000,0x00007fdb4a588000)]
  0x00007fdb2c001000 JavaThread "process reaper" daemon [_thread_in_native, id=8078, stack(0x00007fdb4a588000,0x00007fdb4a5c1000)]
  0x00007fdb34001000 JavaThread "process reaper" daemon [_thread_in_native, id=8077, stack(0x00007fdb4a5c1000,0x00007fdb4a5fa000)]
  0x00007fdb40002000 JavaThread "process reaper" daemon [_thread_in_native, id=8076, stack(0x00007fdb98006000,0x00007fdb9803f000)]
  0x00007fdb602cd800 JavaThread "png-cruncher_5" daemon [_thread_blocked, id=8070, stack(0x00007fdb4a5fa000,0x00007fdb4a6fb000)]
  0x00007fdb60c17800 JavaThread "png-cruncher_4" daemon [_thread_blocked, id=8069, stack(0x00007fdb4a6fb000,0x00007fdb4a7fc000)]
  0x00007fdb60c15800 JavaThread "png-cruncher_3" daemon [_thread_blocked, id=8068, stack(0x00007fdb4a7fc000,0x00007fdb4a8fd000)]
  0x00007fdb60c13800 JavaThread "png-cruncher_2" daemon [_thread_blocked, id=8067, stack(0x00007fdb4a8fd000,0x00007fdb4a9fe000)]
  0x00007fdb60c12000 JavaThread "png-cruncher_1" daemon [_thread_blocked, id=8066, stack(0x00007fdb4a9fe000,0x00007fdb4aaff000)]
  0x00007fdb6114f800 JavaThread "File lock request listener" [_thread_in_native, id=8062, stack(0x00007fdb984ec000,0x00007fdb985ed000)]
  0x00007fdb61074800 JavaThread "process reaper" daemon [_thread_in_native, id=8061, stack(0x00007fdb987ed000,0x00007fdb98826000)]
  0x00007fdbc0bc9000 JavaThread "pool-1-thread-1" [_thread_blocked, id=8051, stack(0x00007fdb99aa5000,0x00007fdb99ba6000)]
  0x00007fdbc0b8e800 JavaThread "Incoming local TCP Connector on port 34393" [_thread_in_native, id=8050, stack(0x00007fdb99bad000,0x00007fdb99cae000)]
  0x00007fdbc00c0000 JavaThread "Service Thread" daemon [_thread_blocked, id=8048, stack(0x00007fdb9ae38000,0x00007fdb9af39000)]
  0x00007fdbc00bc800 JavaThread "C1 CompilerThread2" daemon [_thread_blocked, id=8047, stack(0x00007fdb9af39000,0x00007fdb9b03a000)]
  0x00007fdbc00bb000 JavaThread "C2 CompilerThread1" daemon [_thread_blocked, id=8046, stack(0x00007fdb9b03a000,0x00007fdb9b13b000)]
  0x00007fdbc00b8000 JavaThread "C2 CompilerThread0" daemon [_thread_blocked, id=8045, stack(0x00007fdb9b13b000,0x00007fdb9b23c000)]
  0x00007fdbc00b6800 JavaThread "Signal Dispatcher" daemon [_thread_blocked, id=8044, stack(0x00007fdb9b23c000,0x00007fdb9b33d000)]
  0x00007fdbc0083800 JavaThread "Finalizer" daemon [_thread_blocked, id=8043, stack(0x00007fdb9bcfd000,0x00007fdb9bdfe000)]
  0x00007fdbc007f000 JavaThread "Reference Handler" daemon [_thread_blocked, id=8042, stack(0x00007fdb9bdfe000,0x00007fdb9beff000)]
  0x00007fdbc000a000 JavaThread "main" [_thread_blocked, id=8036, stack(0x00007fdbc78cb000,0x00007fdbc79cc000)]

Other Threads:
=>0x00007fdbc0077000 VMThread [stack: 0x00007fdb9beff000,0x00007fdb9c000000] [id=8041]
  0x00007fdbc00c2800 WatcherThread [stack: 0x00007fdb9ad37000,0x00007fdb9ae38000] [id=8049]

VM state:at safepoint (normal execution)

VM Mutex/Monitor currently owned by a thread:  ([mutex/lock_event])
[0x00007fdbc0005c60] ExpandHeap_lock - owner thread: 0x00007fdbc0077000
[0x00007fdbc00062e0] Threads_lock - owner thread: 0x00007fdbc0077000
[0x00007fdbc00067e0] Heap_lock - owner thread: 0x00007fdb3c01a800

Heap:
 PSYoungGen      total 388608K, used 44969K [0x00000000e0000000, 0x00000000fde80000, 0x0000000100000000)
  eden space 311808K, 0% used [0x00000000e0000000,0x00000000e0000000,0x00000000f3080000)
  from space 76800K, 58% used [0x00000000f8400000,0x00000000fafea518,0x00000000fcf00000)
  to   space 85504K, 0% used [0x00000000f3080000,0x00000000f3080000,0x00000000f8400000)
 ParOldGen       total 109056K, used 108861K [0x00000000a0000000, 0x00000000a6a80000, 0x00000000e0000000)
  object space 109056K, 99% used [0x00000000a0000000,0x00000000a6a4f6f0,0x00000000a6a80000)
 Metaspace       used 61566K, capacity 63176K, committed 63360K, reserved 1103872K
  class space    used 7837K, capacity 8204K, committed 8320K, reserved 1048576K

Card table byte_map: [0x00007fdbc446c000,0x00007fdbc476d000] byte_map_base: 0x00007fdbc3f6c000

Marking Bits: (ParMarkBitMap*) 0x00007fdbc6d9e1a0
 Begin Bits: [0x00007fdba1000000, 0x00007fdba2800000)
 End Bits:   [0x00007fdba2800000, 0x00007fdba4000000)

Polling page: 0x00007fdbc79eb000

CodeCache: size=245760Kb used=31071Kb max_used=31071Kb free=214688Kb
 bounds [0x00007fdbb1000000, 0x00007fdbb2e90000, 0x00007fdbc0000000]
 total_blobs=10329 nmethods=9596 adapters=643
 compilation: enabled

Compilation events (10 events):
Event: 100.651 Thread 0x00007fdbc00bc800 nmethod 12586 0x00007fdbb2e80a90 code [0x00007fdbb2e80c20, 0x00007fdbb2e80e78]
Event: 100.651 Thread 0x00007fdbc00bc800 10995       1       com.android.dx.cf.code.Simulator::access$000 (5 bytes)
Event: 100.651 Thread 0x00007fdbc00bc800 nmethod 10995 0x00007fdbb2643b10 code [0x00007fdbb2643c60, 0x00007fdbb2643d50]
Event: 100.652 Thread 0x00007fdbc00bc800 12362       2       com.android.dx.dex.code.RopTranslator$1::<init> (20 bytes)
Event: 100.652 Thread 0x00007fdbc00bc800 nmethod 12362 0x00007fdbb2e80fd0 code [0x00007fdbb2e81120, 0x00007fdbb2e81290]
Event: 100.652 Thread 0x00007fdbc00bc800 12599       2       com.android.dx.dex.file.CodeItem::itemType (4 bytes)
Event: 100.652 Thread 0x00007fdbc00bc800 nmethod 12599 0x00007fdbb2e81310 code [0x00007fdbb2e81460, 0x00007fdbb2e815b0]
Event: 100.652 Thread 0x00007fdbc00bc800 12597       2       com.android.dx.dex.file.MixedItemSection$1::compare (13 bytes)
Event: 100.652 Thread 0x00007fdbc00bc800 nmethod 12597 0x00007fdbb2e81650 code [0x00007fdbb2e817e0, 0x00007fdbb2e81a28]
Event: 100.652 Thread 0x00007fdbc00bc800 12598       2       com.android.dx.dex.file.MixedItemSection$1::compare (18 bytes)

GC Heap History (10 events):
Event: 97.812 GC heap after
Heap after GC invocations=24 (full 4):
 PSYoungGen      total 218624K, used 33248K [0x00000000e0000000, 0x00000000f1800000, 0x0000000100000000)
  eden space 185344K, 0% used [0x00000000e0000000,0x00000000e0000000,0x00000000eb500000)
  from space 33280K, 99% used [0x00000000ede80000,0x00000000efef8030,0x00000000eff00000)
  to   space 42496K, 0% used [0x00000000eb500000,0x00000000eb500000,0x00000000ede80000)
 ParOldGen       total 109056K, used 45712K [0x00000000a0000000, 0x00000000a6a80000, 0x00000000e0000000)
  object space 109056K, 41% used [0x00000000a0000000,0x00000000a2ca4018,0x00000000a6a80000)
 Metaspace       used 61366K, capacity 62952K, committed 63104K, reserved 1103872K
  class space    used 7838K, capacity 8212K, committed 8320K, reserved 1048576K
}
Event: 97.813 GC heap before
{Heap before GC invocations=25 (full 4):
 PSYoungGen      total 218624K, used 34157K [0x00000000e0000000, 0x00000000f1800000, 0x0000000100000000)
  eden space 185344K, 0% used [0x00000000e0000000,0x00000000e00e35d8,0x00000000eb500000)
  from space 33280K, 99% used [0x00000000ede80000,0x00000000efef8030,0x00000000eff00000)
  to   space 42496K, 0% used [0x00000000eb500000,0x00000000eb500000,0x00000000ede80000)
 ParOldGen       total 109056K, used 45712K [0x00000000a0000000, 0x00000000a6a80000, 0x00000000e0000000)
  object space 109056K, 41% used [0x00000000a0000000,0x00000000a2ca4018,0x00000000a6a80000)
 Metaspace       used 61366K, capacity 62952K, committed 63104K, reserved 1103872K
  class space    used 7838K, capacity 8212K, committed 8320K, reserved 1048576K
Event: 97.871 GC heap after
Heap after GC invocations=25 (full 4):
 PSYoungGen      total 227840K, used 33394K [0x00000000e0000000, 0x00000000f4f00000, 0x0000000100000000)
  eden space 185344K, 0% used [0x00000000e0000000,0x00000000e0000000,0x00000000eb500000)
  from space 42496K, 78% used [0x00000000eb500000,0x00000000ed59ca68,0x00000000ede80000)
  to   space 46080K, 0% used [0x00000000f2200000,0x00000000f2200000,0x00000000f4f00000)
 ParOldGen       total 109056K, used 45712K [0x00000000a0000000, 0x00000000a6a80000, 0x00000000e0000000)
  object space 109056K, 41% used [0x00000000a0000000,0x00000000a2ca4018,0x00000000a6a80000)
 Metaspace       used 61366K, capacity 62952K, committed 63104K, reserved 1103872K
  class space    used 7838K, capacity 8212K, committed 8320K, reserved 1048576K
}
Event: 98.593 GC heap before
{Heap before GC invocations=26 (full 4):
 PSYoungGen      total 227840K, used 218738K [0x00000000e0000000, 0x00000000f4f00000, 0x0000000100000000)
  eden space 185344K, 100% used [0x00000000e0000000,0x00000000eb500000,0x00000000eb500000)
  from space 42496K, 78% used [0x00000000eb500000,0x00000000ed59ca68,0x00000000ede80000)
  to   space 46080K, 0% used [0x00000000f2200000,0x00000000f2200000,0x00000000f4f00000)
 ParOldGen       total 109056K, used 45712K [0x00000000a0000000, 0x00000000a6a80000, 0x00000000e0000000)
  object space 109056K, 41% used [0x00000000a0000000,0x00000000a2ca4018,0x00000000a6a80000)
 Metaspace       used 61406K, capacity 63016K, committed 63360K, reserved 1103872K
  class space    used 7838K, capacity 8212K, committed 8320K, reserved 1048576K
Event: 98.732 GC heap after
Heap after GC invocations=26 (full 4):
 PSYoungGen      total 284672K, used 46079K [0x00000000e0000000, 0x00000000f6600000, 0x0000000100000000)
  eden space 238592K, 0% used [0x00000000e0000000,0x00000000e0000000,0x00000000ee900000)
  from space 46080K, 99% used [0x00000000f2200000,0x00000000f4effc50,0x00000000f4f00000)
  to   space 58368K, 0% used [0x00000000ee900000,0x00000000ee900000,0x00000000f2200000)
 ParOldGen       total 109056K, used 58577K [0x00000000a0000000, 0x00000000a6a80000, 0x00000000e0000000)
  object space 109056K, 53% used [0x00000000a0000000,0x00000000a3934658,0x00000000a6a80000)
 Metaspace       used 61406K, capacity 63016K, committed 63360K, reserved 1103872K
  class space    used 7838K, capacity 8212K, committed 8320K, reserved 1048576K
}
Event: 99.526 GC heap before
{Heap before GC invocations=27 (full 4):
 PSYoungGen      total 284672K, used 284671K [0x00000000e0000000, 0x00000000f6600000, 0x0000000100000000)
  eden space 238592K, 100% used [0x00000000e0000000,0x00000000ee900000,0x00000000ee900000)
  from space 46080K, 99% used [0x00000000f2200000,0x00000000f4effc50,0x00000000f4f00000)
  to   space 58368K, 0% used [0x00000000ee900000,0x00000000ee900000,0x00000000f2200000)
 ParOldGen       total 109056K, used 58577K [0x00000000a0000000, 0x00000000a6a80000, 0x00000000e0000000)
  object space 109056K, 53% used [0x00000000a0000000,0x00000000a3934658,0x00000000a6a80000)
 Metaspace       used 61448K, capacity 63080K, committed 63360K, reserved 1103872K
  class space    used 7839K, capacity 8212K, committed 8320K, reserved 1048576K
Event: 99.664 GC heap after
Heap after GC invocations=27 (full 4):
 PSYoungGen      total 296960K, used 58342K [0x00000000e0000000, 0x00000000fcf00000, 0x0000000100000000)
  eden space 238592K, 0% used [0x00000000e0000000,0x00000000e0000000,0x00000000ee900000)
  from space 58368K, 99% used [0x00000000ee900000,0x00000000f21f98d8,0x00000000f2200000)
  to   space 76800K, 0% used [0x00000000f8400000,0x00000000f8400000,0x00000000fcf00000)
 ParOldGen       total 109056K, used 81133K [0x00000000a0000000, 0x00000000a6a80000, 0x00000000e0000000)
  object space 109056K, 74% used [0x00000000a0000000,0x00000000a4f3b5f0,0x00000000a6a80000)
 Metaspace       used 61448K, capacity 63080K, committed 63360K, reserved 1103872K
  class space    used 7839K, capacity 8212K, committed 8320K, reserved 1048576K
}
Event: 100.657 GC heap before
{Heap before GC invocations=28 (full 4):
 PSYoungGen      total 296960K, used 296934K [0x00000000e0000000, 0x00000000fcf00000, 0x0000000100000000)
  eden space 238592K, 100% used [0x00000000e0000000,0x00000000ee900000,0x00000000ee900000)
  from space 58368K, 99% used [0x00000000ee900000,0x00000000f21f98d8,0x00000000f2200000)
  to   space 76800K, 0% used [0x00000000f8400000,0x00000000f8400000,0x00000000fcf00000)
 ParOldGen       total 109056K, used 81133K [0x00000000a0000000, 0x00000000a6a80000, 0x00000000e0000000)
  object space 109056K, 74% used [0x00000000a0000000,0x00000000a4f3b5f0,0x00000000a6a80000)
 Metaspace       used 61578K, capacity 63208K, committed 63360K, reserved 1103872K
  class space    used 7841K, capacity 8212K, committed 8320K, reserved 1048576K
Event: 100.790 GC heap after
Heap after GC invocations=28 (full 4):
 PSYoungGen      total 388608K, used 63963K [0x00000000e0000000, 0x00000000fde80000, 0x0000000100000000)
  eden space 311808K, 0% used [0x00000000e0000000,0x00000000e0000000,0x00000000f3080000)
  from space 76800K, 83% used [0x00000000f8400000,0x00000000fc276e40,0x00000000fcf00000)
  to   space 85504K, 0% used [0x00000000f3080000,0x00000000f3080000,0x00000000f8400000)
 ParOldGen       total 109056K, used 105299K [0x00000000a0000000, 0x00000000a6a80000, 0x00000000e0000000)
  object space 109056K, 96% used [0x00000000a0000000,0x00000000a66d4c80,0x00000000a6a80000)
 Metaspace       used 61578K, capacity 63208K, committed 63360K, reserved 1103872K
  class space    used 7841K, capacity 8212K, committed 8320K, reserved 1048576K
}
Event: 100.790 GC heap before
{Heap before GC invocations=29 (full 5):
 PSYoungGen      total 388608K, used 63963K [0x00000000e0000000, 0x00000000fde80000, 0x0000000100000000)
  eden space 311808K, 0% used [0x00000000e0000000,0x00000000e0000000,0x00000000f3080000)
  from space 76800K, 83% used [0x00000000f8400000,0x00000000fc276e40,0x00000000fcf00000)
  to   space 85504K, 0% used [0x00000000f3080000,0x00000000f3080000,0x00000000f8400000)
 ParOldGen       total 109056K, used 105299K [0x00000000a0000000, 0x00000000a6a80000, 0x00000000e0000000)
  object space 109056K, 96% used [0x00000000a0000000,0x00000000a66d4c80,0x00000000a6a80000)
 Metaspace       used 61578K, capacity 63208K, committed 63360K, reserved 1103872K
  class space    used 7841K, capacity 8212K, committed 8320K, reserved 1048576K

Deoptimization events (10 events):
Event: 96.398 Thread 0x00007fdb3800b000 Uncommon trap: reason=speculate_class_check action=maybe_recompile pc=0x00007fdbb1d1cdd8 method=com.android.dx.util.FixedSizeList.equals(Ljava/lang/Object;)Z @ 25
Event: 96.398 Thread 0x00007fdb3800b000 Uncommon trap: reason=speculate_class_check action=maybe_recompile pc=0x00007fdbb1d1cdd8 method=com.android.dx.util.FixedSizeList.equals(Ljava/lang/Object;)Z @ 25
Event: 96.418 Thread 0x00007fdb2c009800 Uncommon trap: reason=null_check action=make_not_entrant pc=0x00007fdbb24a39fc method=com.android.dx.ssa.SsaRenamer.getLocalForNewReg(I)Lcom/android/dx/rop/code/LocalItem; @ 19
Event: 96.772 Thread 0x00007fdb3c01a800 Uncommon trap: reason=null_check action=make_not_entrant pc=0x00007fdbb24a7424 method=com.android.dx.ssa.SsaRenamer.getLocalForNewReg(I)Lcom/android/dx/rop/code/LocalItem; @ 19
Event: 97.500 Thread 0x00007fdb3c01a800 Uncommon trap: reason=unstable_if action=reinterpret pc=0x00007fdbb2c2be44 method=com.android.dx.util.IntList.binarysearch(I)I @ 105
Event: 99.707 Thread 0x00007fdb4400e800 Uncommon trap: reason=unstable_if action=reinterpret pc=0x00007fdbb2dc08cc method=com.android.dx.rop.code.LocalItem.compareHandlesNulls(Lcom/android/dx/rop/cst/CstString;Lcom/android/dx/rop/cst/CstString;)I @ 14
Event: 99.984 Thread 0x00007fdb3c01a800 Uncommon trap: reason=unstable_if action=reinterpret pc=0x00007fdbb183b42c method=java.util.concurrent.ConcurrentHashMap.putVal(Ljava/lang/Object;Ljava/lang/Object;Z)Ljava/lang/Object; @ 331
Event: 100.065 Thread 0x00007fdb2c009800 Uncommon trap: reason=unstable_if action=reinterpret pc=0x00007fdbb2e04fc0 method=com.android.dx.dex.code.OutputFinisher.hasLocalInfo(Lcom/android/dx/dex/code/DalvInsn;)Z @ 24
Event: 100.142 Thread 0x00007fdb3000e000 Uncommon trap: reason=predicate action=maybe_recompile pc=0x00007fdbb29cd644 method=java.util.ComparableTimSort.binarySort([Ljava/lang/Object;III)V @ 79
Event: 100.308 Thread 0x00007fdb2c009800 Uncommon trap: reason=unstable_if action=reinterpret pc=0x00007fdbb1c35fc0 method=java.util.concurrent.ConcurrentHashMap.transfer([Ljava/util/concurrent/ConcurrentHashMap$Node;[Ljava/util/concurrent/ConcurrentHashMap$Node;)V @ 277

Internal exceptions (10 events):
Event: 92.450 Thread 0x00007fdb6400c800 Exception <a 'sun/nio/fs/UnixException'> (0x00000000e509f9d0) thrown at [/ssd/Android/AOSP-openjdk/external/jetbrains/jdk/hotspot/src/share/vm/prims/jni.cpp, line 709]
Event: 93.455 Thread 0x00007fdb6400c800 Implicit null exception at 0x00007fdbb18d3677 to 0x00007fdbb18d36f5
Event: 95.031 Thread 0x00007fdb6400c800 Exception <a 'java/lang/NoSuchMethodError': <clinit>> (0x00000000e2415a50) thrown at [/ssd/Android/AOSP-openjdk/external/jetbrains/jdk/hotspot/src/share/vm/prims/jni.cpp, line 1591]
Event: 95.050 Thread 0x00007fdb8407c800 Exception <a 'sun/nio/fs/UnixException'> (0x00000000e25afc00) thrown at [/ssd/Android/AOSP-openjdk/external/jetbrains/jdk/hotspot/src/share/vm/prims/jni.cpp, line 709]
Event: 95.050 Thread 0x00007fdb8407d000 Exception <a 'sun/nio/fs/UnixException'> (0x00000000e261b730) thrown at [/ssd/Android/AOSP-openjdk/external/jetbrains/jdk/hotspot/src/share/vm/prims/jni.cpp, line 709]
Event: 95.053 Thread 0x00007fdb8407d000 Exception <a 'sun/nio/fs/UnixException'> (0x00000000e261c198) thrown at [/ssd/Android/AOSP-openjdk/external/jetbrains/jdk/hotspot/src/share/vm/prims/jni.cpp, line 709]
Event: 95.053 Thread 0x00007fdb8407c800 Exception <a 'sun/nio/fs/UnixException'> (0x00000000e25b16f0) thrown at [/ssd/Android/AOSP-openjdk/external/jetbrains/jdk/hotspot/src/share/vm/prims/jni.cpp, line 709]
Event: 96.418 Thread 0x00007fdb2c009800 Implicit null exception at 0x00007fdbb24a2c5c to 0x00007fdbb24a39b1
Event: 96.772 Thread 0x00007fdb3c01a800 Implicit null exception at 0x00007fdbb24a68a1 to 0x00007fdbb24a7401
Event: 99.707 Thread 0x00007fdb4400e800 Implicit null exception at 0x00007fdbb2dbe714 to 0x00007fdbb2dc0881

Events (10 events):
Event: 100.596 Thread 0x00007fdb4007c800 DEOPT UNPACKING pc=0x00007fdbb1047373 sp=0x00007fdb48817f90 mode 0
Event: 100.617 Thread 0x00007fdb3c01a800 DEOPT PACKING pc=0x00007fdbb2c29c62 sp=0x00007fdb2bffe030
Event: 100.617 Thread 0x00007fdb3c01a800 DEOPT UNPACKING pc=0x00007fdbb1047373 sp=0x00007fdb2bffde18 mode 0
Event: 100.626 Thread 0x00007fdb3c018800 DEOPT PACKING pc=0x00007fdbb25f1e07 sp=0x00007fdb48514ef0
Event: 100.626 Thread 0x00007fdb3c018800 DEOPT UNPACKING pc=0x00007fdbb1047373 sp=0x00007fdb48514c58 mode 0
Event: 100.654 Thread 0x00007fdb4007b800 DEOPT PACKING pc=0x00007fdbb2c29d56 sp=0x00007fdb48c1c030
Event: 100.654 Thread 0x00007fdb4007b800 DEOPT UNPACKING pc=0x00007fdbb1047373 sp=0x00007fdb48c1be18 mode 0
Event: 100.655 Thread 0x00007fdb3c01a800 DEOPT PACKING pc=0x00007fdbb2470577 sp=0x00007fdb2bffe190
Event: 100.655 Thread 0x00007fdb3c01a800 DEOPT UNPACKING pc=0x00007fdbb1047373 sp=0x00007fdb2bffdf20 mode 0
Event: 100.657 Executing VM operation: ParallelGCFailedAllocation


Dynamic libraries:
00400000-00401000 r-xp 00000000 08:01 1592641                            /home/bosco/android-studio/jre/bin/java
00600000-00601000 r--p 00000000 08:01 1592641                            /home/bosco/android-studio/jre/bin/java
00601000-00602000 rw-p 00001000 08:01 1592641                            /home/bosco/android-studio/jre/bin/java
010d1000-010f2000 rw-p 00000000 00:00 0                                  [heap]
a0000000-a6a80000 rw-p 00000000 00:00 0 
ab680000-e0000000 ---p 00000000 00:00 0 
e0000000-fde80000 rw-p 00000000 00:00 0 
fde80000-100000000 ---p 00000000 00:00 0 
100000000-100820000 rw-p 00000000 00:00 0 
100820000-140000000 ---p 00000000 00:00 0 
7fdb2b5f8000-7fdb2b7b8000 rw-p 00000000 00:00 0 
7fdb2b7b8000-7fdb2b7fb000 ---p 00000000 00:00 0 
7fdb2b7fb000-7fdb2b8f9000 rw-p 00000000 00:00 0 
7fdb2b8f9000-7fdb2b8fc000 ---p 00000000 00:00 0 
7fdb2b8fc000-7fdb2b9fa000 rw-p 00000000 00:00 0 
7fdb2b9fa000-7fdb2b9fd000 ---p 00000000 00:00 0 
7fdb2b9fd000-7fdb2bafb000 rw-p 00000000 00:00 0 
7fdb2bafb000-7fdb2bafe000 ---p 00000000 00:00 0 
7fdb2bafe000-7fdb2bbfc000 rw-p 00000000 00:00 0 
7fdb2bbfc000-7fdb2bbff000 ---p 00000000 00:00 0 
7fdb2bbff000-7fdb2bcfd000 rw-p 00000000 00:00 0 
7fdb2bcfd000-7fdb2bd00000 ---p 00000000 00:00 0 
7fdb2bd00000-7fdb2bdfe000 rw-p 00000000 00:00 0 
7fdb2bdfe000-7fdb2be01000 ---p 00000000 00:00 0 
7fdb2be01000-7fdb2beff000 rw-p 00000000 00:00 0 
7fdb2beff000-7fdb2bf02000 ---p 00000000 00:00 0 
7fdb2bf02000-7fdb2c000000 rw-p 00000000 00:00 0 
7fdb2c000000-7fdb2c021000 rw-p 00000000 00:00 0 
7fdb2c021000-7fdb30000000 ---p 00000000 00:00 0 
7fdb30000000-7fdb30021000 rw-p 00000000 00:00 0 
7fdb30021000-7fdb34000000 ---p 00000000 00:00 0 
7fdb34000000-7fdb34026000 rw-p 00000000 00:00 0 
7fdb34026000-7fdb38000000 ---p 00000000 00:00 0 
7fdb38000000-7fdb38021000 rw-p 00000000 00:00 0 
7fdb38021000-7fdb3c000000 ---p 00000000 00:00 0 
7fdb3c000000-7fdb3c056000 rw-p 00000000 00:00 0 
7fdb3c056000-7fdb40000000 ---p 00000000 00:00 0 
7fdb40000000-7fdb400d1000 rw-p 00000000 00:00 0 
7fdb400d1000-7fdb44000000 ---p 00000000 00:00 0 
7fdb44000000-7fdb4407b000 rw-p 00000000 00:00 0 
7fdb4407b000-7fdb48000000 ---p 00000000 00:00 0 
7fdb48012000-7fdb48015000 ---p 00000000 00:00 0 
7fdb48015000-7fdb48113000 rw-p 00000000 00:00 0 
7fdb48113000-7fdb48116000 ---p 00000000 00:00 0 
7fdb48116000-7fdb48214000 rw-p 00000000 00:00 0 
7fdb48214000-7fdb48217000 ---p 00000000 00:00 0 
7fdb48217000-7fdb48315000 rw-p 00000000 00:00 0 
7fdb48315000-7fdb48318000 ---p 00000000 00:00 0 
7fdb48318000-7fdb48416000 rw-p 00000000 00:00 0 
7fdb48416000-7fdb48419000 ---p 00000000 00:00 0 
7fdb48419000-7fdb48517000 rw-p 00000000 00:00 0 
7fdb48517000-7fdb4851a000 ---p 00000000 00:00 0 
7fdb4851a000-7fdb48618000 rw-p 00000000 00:00 0 
7fdb48618000-7fdb4861b000 ---p 00000000 00:00 0 
7fdb4861b000-7fdb48719000 rw-p 00000000 00:00 0 
7fdb48719000-7fdb4871c000 ---p 00000000 00:00 0 
7fdb4871c000-7fdb4881a000 rw-p 00000000 00:00 0 
7fdb4881a000-7fdb4881d000 ---p 00000000 00:00 0 
7fdb4881d000-7fdb4891b000 rw-p 00000000 00:00 0 
7fdb4891b000-7fdb4891e000 ---p 00000000 00:00 0 
7fdb4891e000-7fdb48a1c000 rw-p 00000000 00:00 0 
7fdb48a1c000-7fdb48a1f000 ---p 00000000 00:00 0 
7fdb48a1f000-7fdb48b1d000 rw-p 00000000 00:00 0 
7fdb48b1d000-7fdb48b20000 ---p 00000000 00:00 0 
7fdb48b20000-7fdb48e1e000 rw-p 00000000 00:00 0 
7fdb48e1e000-7fdb4901e000 rw-p 00000000 00:00 0 
7fdb490e6000-7fdb490fb000 r--s 00082000 08:01 1454286                    /home/bosco/projects/Shroomworks/MyApplication/app/build/intermediates/exploded-aar/com.google.android.gms/play-services-games/7.8.0/jars/classes.jar
7fdb490fb000-7fdb49106000 r--s 0009d000 08:01 549508                     /home/bosco/projects/Shroomworks/MyApplication/app/build/intermediates/exploded-aar/com.android.support/appcompat-v7/25.0.0/jars/classes.jar
7fdb49106000-7fdb49306000 rw-p 00000000 00:00 0 
7fdb49306000-7fdb49506000 rw-p 00000000 00:00 0 
7fdb49506000-7fdb49509000 ---p 00000000 00:00 0 
7fdb49509000-7fdb49607000 rw-p 00000000 00:00 0 
7fdb49607000-7fdb4960a000 ---p 00000000 00:00 0 
7fdb4960a000-7fdb49708000 rw-p 00000000 00:00 0 
7fdb49708000-7fdb4970b000 ---p 00000000 00:00 0 
7fdb4970b000-7fdb49809000 rw-p 00000000 00:00 0 
7fdb49809000-7fdb4980c000 ---p 00000000 00:00 0 
7fdb4980c000-7fdb4990a000 rw-p 00000000 00:00 0 
7fdb4990a000-7fdb4990d000 ---p 00000000 00:00 0 
7fdb4990d000-7fdb49943000 rw-p 00000000 00:00 0 
7fdb49943000-7fdb49946000 ---p 00000000 00:00 0 
7fdb49946000-7fdb49a44000 rw-p 00000000 00:00 0 
7fdb49a44000-7fdb49a47000 ---p 00000000 00:00 0 
7fdb49a47000-7fdb49b45000 rw-p 00000000 00:00 0 
7fdb49b45000-7fdb49b48000 ---p 00000000 00:00 0 
7fdb49b48000-7fdb49c46000 rw-p 00000000 00:00 0 
7fdb49c46000-7fdb49c49000 ---p 00000000 00:00 0 
7fdb49c49000-7fdb49d47000 rw-p 00000000 00:00 0 
7fdb49d47000-7fdb49d4a000 ---p 00000000 00:00 0 
7fdb49d4a000-7fdb49e48000 rw-p 00000000 00:00 0 
7fdb49e48000-7fdb49e4b000 ---p 00000000 00:00 0 
7fdb49e4b000-7fdb49f49000 rw-p 00000000 00:00 0 
7fdb49f49000-7fdb49f4c000 ---p 00000000 00:00 0 
7fdb49f4c000-7fdb4a04a000 rw-p 00000000 00:00 0 
7fdb4a04a000-7fdb4a04d000 ---p 00000000 00:00 0 
7fdb4a04d000-7fdb4a14b000 rw-p 00000000 00:00 0 
7fdb4a14b000-7fdb4a14e000 ---p 00000000 00:00 0 
7fdb4a14e000-7fdb4a24c000 rw-p 00000000 00:00 0 
7fdb4a24c000-7fdb4a24f000 ---p 00000000 00:00 0 
7fdb4a24f000-7fdb4a34d000 rw-p 00000000 00:00 0 
7fdb4a34d000-7fdb4a350000 ---p 00000000 00:00 0 
7fdb4a350000-7fdb4a44e000 rw-p 00000000 00:00 0 
7fdb4a44e000-7fdb4a451000 ---p 00000000 00:00 0 
7fdb4a451000-7fdb4a54f000 rw-p 00000000 00:00 0 
7fdb4a54f000-7fdb4a552000 ---p 00000000 00:00 0 
7fdb4a552000-7fdb4a588000 rw-p 00000000 00:00 0 
7fdb4a588000-7fdb4a58b000 ---p 00000000 00:00 0 
7fdb4a58b000-7fdb4a5c1000 rw-p 00000000 00:00 0 
7fdb4a5c1000-7fdb4a5c4000 ---p 00000000 00:00 0 
7fdb4a5c4000-7fdb4a5fa000 rw-p 00000000 00:00 0 
7fdb4a5fa000-7fdb4a5fd000 ---p 00000000 00:00 0 
7fdb4a5fd000-7fdb4a6fb000 rw-p 00000000 00:00 0 
7fdb4a6fb000-7fdb4a6fe000 ---p 00000000 00:00 0 
7fdb4a6fe000-7fdb4a7fc000 rw-p 00000000 00:00 0 
7fdb4a7fc000-7fdb4a7ff000 ---p 00000000 00:00 0 
7fdb4a7ff000-7fdb4a8fd000 rw-p 00000000 00:00 0 
7fdb4a8fd000-7fdb4a900000 ---p 00000000 00:00 0 
7fdb4a900000-7fdb4a9fe000 rw-p 00000000 00:00 0 
7fdb4a9fe000-7fdb4aa01000 ---p 00000000 00:00 0 
7fdb4aa01000-7fdb4aaff000 rw-p 00000000 00:00 0 
7fdb4aaff000-7fdb4ab02000 ---p 00000000 00:00 0 
7fdb4ab02000-7fdb4ae00000 rw-p 00000000 00:00 0 
7fdb4ae00000-7fdb4b000000 rw-p 00000000 00:00 0 
7fdb4b000000-7fdb4b200000 rw-p 00000000 00:00 0 
7fdb4b200000-7fdb4b400000 rw-p 00000000 00:00 0 
7fdb4b400000-7fdb4b600000 rw-p 00000000 00:00 0 
7fdb4b600000-7fdb4b800000 rw-p 00000000 00:00 0 
7fdb4b800000-7fdb4ba00000 rw-p 00000000 00:00 0 
7fdb4ba00000-7fdb4bc00000 rw-p 00000000 00:00 0 
7fdb4bc00000-7fdb4be00000 rw-p 00000000 00:00 0 
7fdb4be00000-7fdb4c000000 rw-p 00000000 00:00 0 
7fdb4c000000-7fdb4c021000 rw-p 00000000 00:00 0 
7fdb4c021000-7fdb50000000 ---p 00000000 00:00 0 
7fdb50000000-7fdb50075000 rw-p 00000000 00:00 0 
7fdb50075000-7fdb54000000 ---p 00000000 00:00 0 
7fdb54000000-7fdb54021000 rw-p 00000000 00:00 0 
7fdb54021000-7fdb58000000 ---p 00000000 00:00 0 
7fdb58000000-7fdb58021000 rw-p 00000000 00:00 0 
7fdb58021000-7fdb5c000000 ---p 00000000 00:00 0 
7fdb5c000000-7fdb5c021000 rw-p 00000000 00:00 0 
7fdb5c021000-7fdb60000000 ---p 00000000 00:00 0 
7fdb60000000-7fdb61754000 rw-p 00000000 00:00 0 
7fdb61754000-7fdb64000000 ---p 00000000 00:00 0 
7fdb64000000-7fdb6402a000 rw-p 00000000 00:00 0 
7fdb6402a000-7fdb68000000 ---p 00000000 00:00 0 
7fdb68000000-7fdb68021000 rw-p 00000000 00:00 0 
7fdb68021000-7fdb6c000000 ---p 00000000 00:00 0 
7fdb6c000000-7fdb6c065000 rw-p 00000000 00:00 0 
7fdb6c065000-7fdb70000000 ---p 00000000 00:00 0 
7fdb70000000-7fdb7003e000 rw-p 00000000 00:00 0 
7fdb7003e000-7fdb74000000 ---p 00000000 00:00 0 
7fdb74000000-7fdb74023000 rw-p 00000000 00:00 0 
7fdb74023000-7fdb78000000 ---p 00000000 00:00 0 
7fdb78000000-7fdb78021000 rw-p 00000000 00:00 0 
7fdb78021000-7fdb7c000000 ---p 00000000 00:00 0 
7fdb7c000000-7fdb7dc01000 rw-p 00000000 00:00 0 
7fdb7dc01000-7fdb80000000 ---p 00000000 00:00 0 
7fdb80000000-7fdb8101e000 rw-p 00000000 00:00 0 
7fdb8101e000-7fdb84000000 ---p 00000000 00:00 0 
7fdb84000000-7fdb840b0000 rw-p 00000000 00:00 0 
7fdb840b0000-7fdb88000000 ---p 00000000 00:00 0 
7fdb88000000-7fdb8a266000 rw-p 00000000 00:00 0 
7fdb8a266000-7fdb8c000000 ---p 00000000 00:00 0 
7fdb8c000000-7fdb8c021000 rw-p 00000000 00:00 0 
7fdb8c021000-7fdb90000000 ---p 00000000 00:00 0 
7fdb90000000-7fdb90021000 rw-p 00000000 00:00 0 
7fdb90021000-7fdb94000000 ---p 00000000 00:00 0 
7fdb94000000-7fdb94427000 rw-p 00000000 00:00 0 
7fdb94427000-7fdb98000000 ---p 00000000 00:00 0 
7fdb98005000-7fdb98006000 r--p 00000000 08:01 532968                     /usr/share/locale-langpack/en_GB/LC_MESSAGES/libc.mo
7fdb98006000-7fdb98009000 ---p 00000000 00:00 0 
7fdb98009000-7fdb9803f000 rw-p 00000000 00:00 0 
7fdb9803f000-7fdb98042000 ---p 00000000 00:00 0 
7fdb98042000-7fdb98140000 rw-p 00000000 00:00 0 
7fdb98140000-7fdb98153000 r--s 00344000 08:01 1592665                    /home/bosco/android-studio/jre/jre/lib/resources.jar
7fdb98153000-7fdb9817e000 r--s 001fc000 08:01 1317648                    /home/bosco/android-studio/gradle/m2repository/com/google/guava/guava/18.0/guava-18.0.jar
7fdb9817e000-7fdb9817f000 r--s 00001000 08:01 1600760                    /home/bosco/android-studio/gradle/m2repository/com/android/tools/annotations/25.2.3/annotations-25.2.3.jar
7fdb9817f000-7fdb98192000 r--s 000b2000 08:01 1449785                    /home/bosco/android-studio/gradle/m2repository/com/android/tools/external/com-intellij/uast/145.597.4/uast-145.597.4.jar
7fdb98192000-7fdb9819a000 r--s 000a8000 08:01 1449780                    /home/bosco/android-studio/gradle/m2repository/com/android/tools/external/lombok/lombok-ast/0.2.3/lombok-ast-0.2.3.jar
7fdb9819a000-7fdb9819c000 r--s 0000d000 08:01 1600931                    /home/bosco/android-studio/gradle/m2repository/commons-codec/commons-codec/1.4/commons-codec-1.4.jar
7fdb9819c000-7fdb9819e000 r--s 0000d000 08:01 1600639                    /home/bosco/android-studio/gradle/m2repository/commons-logging/commons-logging/1.1.1/commons-logging-1.1.1.jar
7fdb9819e000-7fdb981a3000 r--s 00028000 08:01 1600677                    /home/bosco/android-studio/gradle/m2repository/org/apache/httpcomponents/httpcore/4.1/httpcore-4.1.jar
7fdb981a3000-7fdb981a7000 r--s 0002f000 08:01 953241                     /home/bosco/android-studio/gradle/m2repository/com/google/jimfs/jimfs/1.1/jimfs-1.1.jar
7fdb981a7000-7fdb981a8000 r--s 00004000 08:01 1600728                    /home/bosco/android-studio/gradle/m2repository/com/intellij/annotations/12.0/annotations-12.0.jar
7fdb981a8000-7fdb981a9000 r--s 00004000 08:01 798314                     /home/bosco/android-studio/gradle/m2repository/org/ow2/asm/asm-analysis/5.0.4/asm-analysis-5.0.4.jar
7fdb981a9000-7fdb981ad000 r--s 0003b000 08:01 1205177                    /home/bosco/android-studio/gradle/m2repository/com/android/tools/lint/lint-api/25.2.3/lint-api-25.2.3.jar
7fdb981ad000-7fdb981ae000 r--s 0000a000 08:01 1085534                    /home/bosco/android-studio/gradle/m2repository/net/sf/kxml/kxml2/2.3.0/kxml2-2.3.0.jar
7fdb981ae000-7fdb981b0000 r--s 00005000 08:01 1600668                    /home/bosco/android-studio/gradle/m2repository/org/apache/httpcomponents/httpmime/4.1/httpmime-4.1.jar
7fdb981b0000-7fdb981b8000 r--s 0004e000 08:01 1600688                    /home/bosco/android-studio/gradle/m2repository/org/apache/httpcomponents/httpclient/4.1.1/httpclient-4.1.1.jar
7fdb981b8000-7fdb981bf000 r--s 00053000 08:01 546090                     /home/bosco/android-studio/gradle/m2repository/org/apache/commons/commons-compress/1.8.1/commons-compress-1.8.1.jar
7fdb981bf000-7fdb981c4000 r--s 0002a000 08:01 953236                     /home/bosco/android-studio/gradle/m2repository/com/google/code/gson/gson/2.2.4/gson-2.2.4.jar
7fdb981c4000-7fdb981c9000 r--s 0002d000 08:01 1600884                    /home/bosco/android-studio/gradle/m2repository/com/android/tools/repository/25.2.3/repository-25.2.3.jar
7fdb981c9000-7fdb981ca000 r--s 00005000 08:01 546117                     /home/bosco/android-studio/gradle/m2repository/com/android/tools/dvlib/25.2.3/dvlib-25.2.3.jar
7fdb981ca000-7fdb981cd000 r--s 00014000 08:01 1085522                    /home/bosco/android-studio/gradle/m2repository/com/android/tools/layoutlib/layoutlib-api/25.2.3/layoutlib-api-25.2.3.jar
7fdb981cd000-7fdb981d2000 r--s 00058000 08:01 953207                     /home/bosco/android-studio/gradle/m2repository/org/ow2/asm/asm-debug-all/5.0.1/asm-debug-all-5.0.1.jar
7fdb981d2000-7fdb981e2000 r--s 000d6000 08:01 1205182                    /home/bosco/android-studio/gradle/m2repository/net/sf/proguard/proguard-base/5.2.1/proguard-base-5.2.1.jar
7fdb981e2000-7fdb981e5000 r--s 00033000 08:01 546094                     /home/bosco/android-studio/gradle/m2repository/com/googlecode/juniversalchardet/juniversalchardet/1.0.3/juniversalchardet-1.0.3.jar
7fdb981e5000-7fdb981e9000 r--s 0002a000 08:01 1600632                    /home/bosco/android-studio/gradle/m2repository/commons-io/commons-io/2.4/commons-io-2.4.jar
7fdb981e9000-7fdb98200000 r--s 00154000 08:01 1449777                    /home/bosco/android-studio/gradle/m2repository/org/antlr/antlr4/4.5.3/antlr4-4.5.3.jar
7fdb98200000-7fdb98201000 r--s 00002000 08:01 546103                     /home/bosco/android-studio/gradle/m2repository/com/android/databinding/baseLibrary/2.2.3/baseLibrary-2.2.3.jar
7fdb98201000-7fdb98214000 r--s 00236000 08:01 546078                     /home/bosco/android-studio/gradle/m2repository/org/eclipse/jdt/core/compiler/ecj/4.5.1/ecj-4.5.1.jar
7fdb98214000-7fdb9821b000 r--s 000c3000 08:01 546122                     /home/bosco/android-studio/gradle/m2repository/com/android/tools/lint/lint-checks/25.2.3/lint-checks-25.2.3.jar
7fdb9821b000-7fdb9821d000 r--s 00006000 08:01 798324                     /home/bosco/android-studio/gradle/m2repository/org/ow2/asm/asm-tree/5.0.4/asm-tree-5.0.4.jar
7fdb9821d000-7fdb98250000 r--s 00203000 08:01 1600656                    /home/bosco/android-studio/gradle/m2repository/org/bouncycastle/bcprov-jdk15on/1.48/bcprov-jdk15on-1.48.jar
7fdb98250000-7fdb9825e000 r--s 00081000 08:01 546083                     /home/bosco/android-studio/gradle/m2repository/org/bouncycastle/bcpkix-jdk15on/1.48/bcpkix-jdk15on-1.48.jar
7fdb9825e000-7fdb98260000 r--s 00002000 08:01 664185                     /home/bosco/android-studio/gradle/m2repository/com/squareup/javawriter/2.5.0/javawriter-2.5.0.jar
7fdb98260000-7fdb98261000 r--s 00002000 08:01 1600890                    /home/bosco/android-studio/gradle/m2repository/com/android/tools/analytics-library/tracker/25.2.3/tracker-25.2.3.jar
7fdb98261000-7fdb98263000 r--s 00003000 08:01 1600898                    /home/bosco/android-studio/gradle/m2repository/com/android/tools/analytics-library/shared/25.2.3/shared-25.2.3.jar
7fdb98263000-7fdb98270000 r--s 000ed000 08:01 1600894                    /home/bosco/android-studio/gradle/m2repository/com/android/tools/analytics-library/protos/25.2.3/protos-25.2.3.jar
7fdb98270000-7fdb98271000 r--s 00001000 08:01 1600838                    /home/bosco/android-studio/gradle/m2repository/com/android/tools/jill/jill-api/0.10.0/jill-api-0.10.0.jar
7fdb98271000-7fdb98273000 r--s 00003000 08:01 1600910                    /home/bosco/android-studio/gradle/m2repository/com/android/tools/jack/jack-api/0.11.0/jack-api-0.11.0.jar
7fdb98273000-7fdb98278000 r--s 0004a000 08:01 1600862                    /home/bosco/android-studio/gradle/m2repository/com/android/tools/ddms/ddmlib/25.2.3/ddmlib-25.2.3.jar
7fdb98278000-7fdb9827b000 r--s 00021000 08:01 1600806                    /home/bosco/android-studio/gradle/m2repository/com/android/tools/build/manifest-merger/25.2.3/manifest-merger-25.2.3.jar
7fdb9827b000-7fdb9827d000 r--s 0001c000 08:01 1600921                    /home/bosco/android-studio/gradle/m2repository/com/android/tools/common/25.2.3/common-25.2.3.jar
7fdb9827d000-7fdb98285000 r--s 00084000 08:01 1600851                    /home/bosco/android-studio/gradle/m2repository/com/android/tools/sdk-common/25.2.3/sdk-common-25.2.3.jar
7fdb98285000-7fdb98290000 r--s 0008e000 08:01 1317682                    /home/bosco/android-studio/gradle/m2repository/com/android/tools/sdklib/25.2.3/sdklib-25.2.3.jar
7fdb98290000-7fdb98291000 r--s 00002000 08:01 664194                     /home/bosco/android-studio/gradle/m2repository/com/android/tools/build/builder-test-api/2.2.3/builder-test-api-2.2.3.jar
7fdb98291000-7fdb98294000 r--s 00005000 08:01 1600830                    /home/bosco/android-studio/gradle/m2repository/com/android/tools/build/builder-model/2.2.3/builder-model-2.2.3.jar
7fdb98294000-7fdb9829c000 r--s 0007b000 08:01 953232                     /home/bosco/android-studio/gradle/m2repository/com/google/protobuf/protobuf-java/2.5.0/protobuf-java-2.5.0.jar
7fdb9829c000-7fdb9829e000 r--s 0000f000 08:01 798368                     /home/bosco/android-studio/gradle/m2repository/net/sf/jopt-simple/jopt-simple/4.9/jopt-simple-4.9.jar
7fdb9829e000-7fdb982a2000 r--s 0001f000 08:01 1317631                    /home/bosco/android-studio/gradle/m2repository/org/jacoco/org.jacoco.report/0.7.5.201505241946/org.jacoco.report-0.7.5.201505241946.jar
7fdb982a2000-7fdb982a6000 r--s 0001d000 08:01 953221                     /home/bosco/android-studio/gradle/m2repository/org/jacoco/org.jacoco.core/0.7.5.201505241946/org.jacoco.core-0.7.5.201505241946.jar
7fdb982a6000-7fdb982a7000 r--s 00002000 08:01 1205195                    /home/bosco/android-studio/gradle/m2repository/net/sf/proguard/proguard-gradle/5.2.1/proguard-gradle-5.2.1.jar
7fdb982a7000-7fdb982a9000 r--s 00009000 08:01 798330                     /home/bosco/android-studio/gradle/m2repository/org/ow2/asm/asm-commons/5.0.4/asm-commons-5.0.4.jar
7fdb982a9000-7fdb982ab000 r--s 0000c000 08:01 798349                     /home/bosco/android-studio/gradle/m2repository/org/ow2/asm/asm/5.0.4/asm-5.0.4.jar
7fdb982ab000-7fdb982af000 r--s 0002b000 08:01 1205161                    /home/bosco/android-studio/gradle/m2repository/com/android/databinding/compilerCommon/2.2.3/compilerCommon-2.2.3.jar
7fdb982af000-7fdb982b0000 r--s 00002000 08:01 1317660                    /home/bosco/android-studio/gradle/m2repository/com/android/tools/build/gradle-api/2.2.3/gradle-api-2.2.3.jar
7fdb982b0000-7fdb982b1000 r--s 00000000 08:01 1600822                    /home/bosco/android-studio/gradle/m2repository/com/android/tools/build/transform-api/2.0.0-deprecated-use-gradle-api/transform-api-2.0.0-deprecated-use-gradle-api.jar
7fdb982b1000-7fdb982b6000 r--s 00053000 08:01 798359                     /home/bosco/android-studio/gradle/m2repository/com/android/tools/lint/lint/25.2.3/lint-25.2.3.jar
7fdb982b6000-7fdb982cd000 r--s 0015e000 08:01 1600790                    /home/bosco/android-studio/gradle/m2repository/com/android/tools/build/builder/2.2.3/builder-2.2.3.jar
7fdb982cd000-7fdb982ea000 r--s 0019d000 08:01 1600815                    /home/bosco/android-studio/gradle/m2repository/com/android/tools/build/gradle-core/2.2.3/gradle-core-2.2.3.jar
7fdb982ea000-7fdb982ec000 r--s 0000d000 08:01 546109                     /home/bosco/android-studio/gradle/m2repository/com/android/tools/build/gradle/2.2.3/gradle-2.2.3.jar
7fdb982ec000-7fdb984ec000 rw-p 00000000 00:00 0 
7fdb984ec000-7fdb984ef000 ---p 00000000 00:00 0 
7fdb984ef000-7fdb987ed000 rw-p 00000000 00:00 0 
7fdb987ed000-7fdb987f0000 ---p 00000000 00:00 0 
7fdb987f0000-7fdb98826000 rw-p 00000000 00:00 0 
7fdb98826000-7fdb98827000 r--p 00000000 00:00 0 
7fdb98827000-7fdb98a27000 rw-p 00000000 00:00 0 
7fdb98a27000-7fdb98c27000 rw-p 00000000 00:00 0 
7fdb98c27000-7fdb98e27000 rw-p 00000000 00:00 0 
7fdb98e27000-7fdb99027000 rw-p 00000000 00:00 0 
7fdb99027000-7fdb99227000 rw-p 00000000 00:00 0 
7fdb99227000-7fdb9929f000 r--s 010eb000 08:01 1592596                    /home/bosco/android-studio/jre/lib/tools.jar
7fdb9929f000-7fdb992a2000 ---p 00000000 00:00 0 
7fdb992a2000-7fdb993a0000 rw-p 00000000 00:00 0 
7fdb993a0000-7fdb993a3000 ---p 00000000 00:00 0 
7fdb993a3000-7fdb994a1000 rw-p 00000000 00:00 0 
7fdb994a1000-7fdb994a4000 ---p 00000000 00:00 0 
7fdb994a4000-7fdb995a2000 rw-p 00000000 00:00 0 
7fdb995a2000-7fdb995a5000 ---p 00000000 00:00 0 
7fdb995a5000-7fdb996a3000 rw-p 00000000 00:00 0 
7fdb996a3000-7fdb996a6000 ---p 00000000 00:00 0 
7fdb996a6000-7fdb997a4000 rw-p 00000000 00:00 0 
7fdb997a4000-7fdb997a7000 ---p 00000000 00:00 0 
7fdb997a7000-7fdb99aa5000 rw-p 00000000 00:00 0 
7fdb99aa5000-7fdb99aa8000 ---p 00000000 00:00 0 
7fdb99aa8000-7fdb99ba6000 rw-p 00000000 00:00 0 
7fdb99ba6000-7fdb99bad000 r--s 00000000 08:01 272756                     /usr/lib/x86_64-linux-gnu/gconv/gconv-modules.cache
7fdb99bad000-7fdb99bb0000 ---p 00000000 00:00 0 
7fdb99bb0000-7fdb99cae000 rw-p 00000000 00:00 0 
7fdb99cae000-7fdb99cb7000 r-xp 00000000 08:01 1592753                    /home/bosco/android-studio/jre/jre/lib/amd64/libmanagement.so
7fdb99cb7000-7fdb99eb6000 ---p 00009000 08:01 1592753                    /home/bosco/android-studio/jre/jre/lib/amd64/libmanagement.so
7fdb99eb6000-7fdb99eb7000 r--p 00008000 08:01 1592753                    /home/bosco/android-studio/jre/jre/lib/amd64/libmanagement.so
7fdb99eb7000-7fdb99eb8000 rw-p 00009000 08:01 1592753                    /home/bosco/android-studio/jre/jre/lib/amd64/libmanagement.so
7fdb99eb8000-7fdb99ebc000 r--s 00097000 08:01 1592727                    /home/bosco/android-studio/jre/jre/lib/jsse.jar
7fdb99ebc000-7fdb99ebe000 r--s 00007000 08:01 1600495                    /home/bosco/android-studio/gradle/gradle-2.14.1/lib/plugins/gradle-tooling-api-builders-2.14.1.jar
7fdb99ebe000-7fdb99ec1000 r--s 00008000 08:01 1600489                    /home/bosco/android-studio/gradle/gradle-2.14.1/lib/plugins/gradle-testing-native-2.14.1.jar
7fdb99ec1000-7fdb99ec3000 r--s 00009000 08:01 1600570                    /home/bosco/android-studio/gradle/gradle-2.14.1/lib/plugins/hamcrest-core-1.3.jar
7fdb99ec3000-7fdb99ec9000 r--s 00033000 08:01 1600500                    /home/bosco/android-studio/gradle/gradle-2.14.1/lib/plugins/snakeyaml-1.6.jar
7fdb99ec9000-7fdb99ecb000 r--s 00006000 08:01 1600521                    /home/bosco/android-studio/gradle/gradle-2.14.1/lib/plugins/jcommander-1.12.jar
7fdb99ecb000-7fdb99ed0000 r--s 00040000 08:01 1600498                    /home/bosco/android-studio/gradle/gradle-2.14.1/lib/plugins/bsh-2.0b4.jar
7fdb99ed0000-7fdb99ed9000 r--s 00089000 08:01 1600524                    /home/bosco/android-studio/gradle/gradle-2.14.1/lib/plugins/testng-6.3.1.jar
7fdb99ed9000-7fdb99ee1000 r--s 00045000 08:01 1600529                    /home/bosco/android-studio/gradle/gradle-2.14.1/lib/plugins/junit-4.12.jar
7fdb99ee1000-7fdb99ee7000 r--s 0002e000 08:01 1600505                    /home/bosco/android-studio/gradle/gradle-2.14.1/lib/plugins/gradle-testing-jvm-2.14.1.jar
7fdb99ee7000-7fdb99eec000 r--s 00015000 08:01 1600514                    /home/bosco/android-studio/gradle/gradle-2.14.1/lib/plugins/gradle-testing-base-2.14.1.jar
7fdb99eec000-7fdb99eed000 r--s 00002000 08:01 1600527                    /home/bosco/android-studio/gradle/gradle-2.14.1/lib/plugins/sonar-batch-bootstrapper-2.9.jar
7fdb99eed000-7fdb99ef0000 r--s 00015000 08:01 1600504                    /home/bosco/android-studio/gradle/gradle-2.14.1/lib/plugins/gradle-sonar-2.14.1.jar
7fdb99ef0000-7fdb99ef7000 r--s 00038000 08:01 1600545                    /home/bosco/android-studio/gradle/gradle-2.14.1/lib/plugins/bcpg-jdk15on-1.51.jar
7fdb99ef7000-7fdb99ef9000 r--s 0000d000 08:01 1600551                    /home/bosco/android-studio/gradle/gradle-2.14.1/lib/plugins/gradle-signing-2.14.1.jar
7fdb99ef9000-7fdb99efc000 r--s 00009000 08:01 1600534                    /home/bosco/android-studio/gradle/gradle-2.14.1/lib/plugins/gradle-scala-2.14.1.jar
7fdb99efc000-7fdb99efd000 r--s 00004000 08:01 1600558                    /home/bosco/android-studio/gradle/gradle-2.14.1/lib/plugins/gradle-resources-sftp-2.14.1.jar
7fdb99efd000-7fdb99f0d000 r--s 00088000 08:01 1600511                    /home/bosco/android-studio/gradle/gradle-2.14.1/lib/plugins/joda-time-2.8.2.jar
7fdb99f0d000-7fdb99f1e000 r--s 000cf000 08:01 1600577                    /home/bosco/android-studio/gradle/gradle-2.14.1/lib/plugins/jackson-databind-2.3.2.jar
7fdb99f1e000-7fdb99f20000 r--s 00007000 08:01 1600540                    /home/bosco/android-studio/gradle/gradle-2.14.1/lib/plugins/jackson-annotations-2.3.2.jar
7fdb99f20000-7fdb99f23000 r--s 0002e000 08:01 1600547                    /home/bosco/android-studio/gradle/gradle-2.14.1/lib/plugins/jackson-core-2.3.2.jar
7fdb99f23000-7fdb99f2e000 r--s 0006b000 08:01 1600594                    /home/bosco/android-studio/gradle/gradle-2.14.1/lib/plugins/aws-java-sdk-core-1.9.19.jar
7fdb99f2e000-7fdb99f34000 r--s 00036000 08:01 1600539                    /home/bosco/android-studio/gradle/gradle-2.14.1/lib/plugins/aws-java-sdk-kms-1.9.19.jar
7fdb99f34000-7fdb99f3f000 r--s 00079000 08:01 1600526                    /home/bosco/android-studio/gradle/gradle-2.14.1/lib/plugins/aws-java-sdk-s3-1.9.19.jar
7fdb99f3f000-7fdb99f40000 r--s 00003000 08:01 1600573                    /home/bosco/android-studio/gradle/gradle-2.14.1/lib/plugins/gradle-resources-s3-2.14.1.jar
7fdb99f40000-7fdb99f42000 r--s 00005000 08:01 1600568                    /home/bosco/android-studio/gradle/gradle-2.14.1/lib/plugins/jatl-0.2.2.jar
7fdb99f42000-7fdb99f44000 r--s 0000f000 08:01 1600585                    /home/bosco/android-studio/gradle/gradle-2.14.1/lib/plugins/gradle-reporting-2.14.1.jar
7fdb99f44000-7fdb99f46000 r--s 00002000 08:01 1600544                    /home/bosco/android-studio/gradle/gradle-2.14.1/lib/plugins/gradle-publish-2.14.1.jar
7fdb99f46000-7fdb99f48000 r--s 00009000 08:01 1600517                    /home/bosco/android-studio/gradle/gradle-2.14.1/lib/plugins/commons-cli-1.2.jar
7fdb99f48000-7fdb99f4e000 r--s 00033000 08:01 1600528                    /home/bosco/android-studio/gradle/gradle-2.14.1/lib/plugins/gradle-plugins-2.14.1.jar
7fdb99f4e000-7fdb99f50000 r--s 00007000 08:01 1600492                    /home/bosco/android-studio/gradle/gradle-2.14.1/lib/plugins/gradle-plugin-development-2.14.1.jar
7fdb99f50000-7fdb99f56000 r--s 0002a000 08:01 1600550                    /home/bosco/android-studio/gradle/gradle-2.14.1/lib/plugins/gradle-platform-play-2.14.1.jar
7fdb99f56000-7fdb99f63000 r--s 0004d000 08:01 1600549                    /home/bosco/android-studio/gradle/gradle-2.14.1/lib/plugins/gradle-platform-native-2.14.1.jar
7fdb99f63000-7fdb99f67000 r--s 0001a000 08:01 1600571                    /home/bosco/android-studio/gradle/gradle-2.14.1/lib/plugins/gradle-platform-jvm-2.14.1.jar
7fdb99f67000-7fdb99f6e000 r--s 00029000 08:01 1600520                    /home/bosco/android-studio/gradle/gradle-2.14.1/lib/plugins/gradle-platform-base-2.14.1.jar
7fdb99f6e000-7fdb99f8f000 r--s 001c3000 08:01 1600496                    /home/bosco/android-studio/gradle/gradle-2.14.1/lib/plugins/bndlib-2.4.0.jar
7fdb99f8f000-7fdb99f91000 r--s 00003000 08:01 1600576                    /home/bosco/android-studio/gradle/gradle-2.14.1/lib/plugins/gradle-osgi-2.14.1.jar
7fdb99f91000-7fdb99f94000 r--s 0000c000 08:01 1600580                    /home/bosco/android-studio/gradle/gradle-2.14.1/lib/plugins/pmaven-groovy-0.8-20100325.jar
7fdb99f94000-7fdb99f95000 r--s 00004000 08:01 1600566                    /home/bosco/android-studio/gradle/gradle-2.14.1/lib/plugins/pmaven-common-0.8-20100325.jar
7fdb99f95000-7fdb99f9b000 r--s 00022000 08:01 1600519                    /home/bosco/android-studio/gradle/gradle-2.14.1/lib/plugins/gradle-maven-2.14.1.jar
7fdb99f9b000-7fdb99f9d000 r--s 0000a000 08:01 1600501                    /home/bosco/android-studio/gradle/gradle-2.14.1/lib/plugins/gradle-language-scala-2.14.1.jar
7fdb99f9d000-7fdb99fa3000 r--s 0001a000 08:01 1600506                    /home/bosco/android-studio/gradle/gradle-2.14.1/lib/plugins/gradle-language-native-2.14.1.jar
7fdb99fa3000-7fdb99fa5000 r--s 00008000 08:01 1600494                    /home/bosco/android-studio/gradle/gradle-2.14.1/lib/plugins/gradle-language-jvm-2.14.1.jar
7fdb99fa5000-7fdb99fab000 r--s 00024000 08:01 1600567                    /home/bosco/android-studio/gradle/gradle-2.14.1/lib/plugins/gradle-language-java-2.14.1.jar
7fdb99fab000-7fdb99fad000 r--s 0000a000 08:01 1600548                    /home/bosco/android-studio/gradle/gradle-2.14.1/lib/plugins/gradle-language-groovy-2.14.1.jar
7fdb99fad000-7fdb99fb0000 r--s 0001e000 08:01 1600488                    /home/bosco/android-studio/gradle/gradle-2.14.1/lib/plugins/jsp-api-2.1-6.1.14.jar
7fdb99fb0000-7fdb99fd3000 r--s 00344000 08:01 1600541                    /home/bosco/android-studio/gradle/gradle-2.14.1/lib/plugins/core-3.1.1.jar
7fdb99fd3000-7fdb99fd4000 r--s 00006000 08:01 1600578                    /home/bosco/android-studio/gradle/gradle-2.14.1/lib/plugins/jetty-naming-6.1.25.jar
7fdb99fd4000-7fdb99fd5000 r--s 00002000 08:01 1600536                    /home/bosco/android-studio/gradle/gradle-2.14.1/lib/plugins/geronimo-annotation_1.0_spec-1.0.jar
7fdb99fd5000-7fdb99fd7000 r--s 00002000 08:01 1600574                    /home/bosco/android-studio/gradle/gradle-2.14.1/lib/plugins/jetty-annotations-6.1.25.jar
7fdb99fd7000-7fdb99fe8000 r--s 000ea000 08:01 1600587                    /home/bosco/android-studio/gradle/gradle-2.14.1/lib/plugins/jsp-2.1-6.1.14.jar
7fdb99fe8000-7fdb99fea000 r--s 0000d000 08:01 1600542                    /home/bosco/android-studio/gradle/gradle-2.14.1/lib/plugins/jetty-plus-6.1.25.jar
7fdb99fea000-7fdb99fec000 r--s 0001f000 08:01 1600601                    /home/bosco/android-studio/gradle/gradle-2.14.1/lib/plugins/servlet-api-2.5-20081211.jar
7fdb99fec000-7fdb99ff0000 r--s 00028000 08:01 1600522                    /home/bosco/android-studio/gradle/gradle-2.14.1/lib/plugins/jetty-util-6.1.25.jar
7fdb99ff0000-7fdb99ff7000 r--s 0007d000 08:01 1600530                    /home/bosco/android-studio/gradle/gradle-2.14.1/lib/plugins/jetty-6.1.25.jar
7fdb99ff7000-7fdb99ff9000 r--s 00009000 08:01 1600583                    /home/bosco/android-studio/gradle/gradle-2.14.1/lib/plugins/gradle-jetty-2.14.1.jar
7fdb99ff9000-7fdb9a000000 r--s 00035000 08:01 1600597                    /home/bosco/android-studio/gradle/gradle-2.14.1/lib/plugins/simple-4.1.21.jar
7fdb9a000000-7fdb9a00c000 r--s 00100000 08:01 1600512                    /home/bosco/android-studio/gradle/gradle-2.14.1/lib/plugins/rhino-1.7R3.jar
7fdb9a00c000-7fdb9a010000 r--s 00011000 08:01 1600565                    /home/bosco/android-studio/gradle/gradle-2.14.1/lib/plugins/gradle-javascript-2.14.1.jar
7fdb9a010000-7fdb9a012000 r--s 0000c000 08:01 1600599                    /home/bosco/android-studio/gradle/gradle-2.14.1/lib/plugins/gradle-jacoco-2.14.1.jar
7fdb9a012000-7fdb9a015000 r--s 0000e000 08:01 1600596                    /home/bosco/android-studio/gradle/gradle-2.14.1/lib/plugins/gradle-ivy-2.14.1.jar
7fdb9a015000-7fdb9a016000 r--s 00002000 08:01 1600588                    /home/bosco/android-studio/gradle/gradle-2.14.1/lib/plugins/gradle-ide-play-2.14.1.jar
7fdb9a016000-7fdb9a01b000 r--s 0002b000 08:01 1600584                    /home/bosco/android-studio/gradle/gradle-2.14.1/lib/plugins/gradle-ide-native-2.14.1.jar
7fdb9a01b000-7fdb9a026000 r--s 00066000 08:01 1600502                    /home/bosco/android-studio/gradle/gradle-2.14.1/lib/plugins/gradle-ide-2.14.1.jar
7fdb9a026000-7fdb9a027000 r--s 00008000 08:01 1600499                    /home/bosco/android-studio/gradle/gradle-2.14.1/lib/plugins/gradle-ear-2.14.1.jar
7fdb9a027000-7fdb9a02d000 r--s 00032000 08:01 1600510                    /home/bosco/android-studio/gradle/gradle-2.14.1/lib/plugins/gradle-diagnostics-2.14.1.jar
7fdb9a02d000-7fdb9a031000 r--s 00021000 08:01 1600586                    /home/bosco/android-studio/gradle/gradle-2.14.1/lib/plugins/gradle-code-quality-2.14.1.jar
7fdb9a031000-7fdb9a035000 r--s 0001f000 08:01 1600509                    /home/bosco/android-studio/gradle/gradle-2.14.1/lib/plugins/gradle-build-init-2.14.1.jar
7fdb9a035000-7fdb9a03c000 r--s 0008e000 08:01 1600593                    /home/bosco/android-studio/gradle/gradle-2.14.1/lib/plugins/gradle-build-comparison-2.14.1.jar
7fdb9a03c000-7fdb9a03e000 r--s 00008000 08:01 1600569                    /home/bosco/android-studio/gradle/gradle-2.14.1/lib/plugins/gradle-antlr-2.14.1.jar
7fdb9a03e000-7fdb9a040000 r--s 00004000 08:01 1600595                    /home/bosco/android-studio/gradle/gradle-2.14.1/lib/plugins/gradle-announce-2.14.1.jar
7fdb9a040000-7fdb9a058000 r--s 00115000 08:01 1600533                    /home/bosco/android-studio/gradle/gradle-2.14.1/lib/plugins/xercesImpl-2.9.1.jar
7fdb9a058000-7fdb9a060000 r--s 00028000 08:01 1600561                    /home/bosco/android-studio/gradle/gradle-2.14.1/lib/plugins/xml-apis-1.3.04.jar
7fdb9a060000-7fdb9a066000 r--s 0005b000 08:01 1600552                    /home/bosco/android-studio/gradle/gradle-2.14.1/lib/plugins/jcifs-1.3.17.jar
7fdb9a066000-7fdb9a06d000 r--s 00049000 08:01 1600563                    /home/bosco/android-studio/gradle/gradle-2.14.1/lib/plugins/httpcore-4.4.4.jar
7fdb9a06d000-7fdb9a073000 r--s 00033000 08:01 1600508                    /home/bosco/android-studio/gradle/gradle-2.14.1/lib/plugins/commons-codec-1.6.jar
7fdb9a073000-7fdb9a076000 r--s 0001c000 08:01 1600503                    /home/bosco/android-studio/gradle/gradle-2.14.1/lib/plugins/nekohtml-1.9.14.jar
7fdb9a076000-7fdb9a083000 r--s 000a4000 08:01 1600581                    /home/bosco/android-studio/gradle/gradle-2.14.1/lib/plugins/httpclient-4.4.1.jar
7fdb9a083000-7fdb9a085000 r--s 0000a000 08:01 1600490                    /home/bosco/android-studio/gradle/gradle-2.14.1/lib/plugins/gradle-resources-http-2.14.1.jar
7fdb9a085000-7fdb9a089000 r--s 00014000 08:01 1600555                    /home/bosco/android-studio/gradle/gradle-2.14.1/lib/plugins/gradle-plugin-use-2.14.1.jar
7fdb9a089000-7fdb9a08a000 r--s 00000000 08:01 1600446                    /home/bosco/android-studio/gradle/gradle-2.14.1/lib/gradle-installation-beacon-2.14.1.jar
7fdb9a08a000-7fdb9a08b000 r--s 00007000 08:01 1600518                    /home/bosco/android-studio/gradle/gradle-2.14.1/lib/plugins/wagon-http-shared4-2.4.jar
7fdb9a08b000-7fdb9a08f000 r--s 00033000 08:01 1600572                    /home/bosco/android-studio/gradle/gradle-2.14.1/lib/plugins/plexus-utils-2.0.6.jar
7fdb9a08f000-7fdb9a093000 r--s 00021000 08:01 1600554                    /home/bosco/android-studio/gradle/gradle-2.14.1/lib/plugins/maven-model-builder-3.0.4.jar
7fdb9a093000-7fdb9a094000 r--s 00002000 08:01 1600507                    /home/bosco/android-studio/gradle/gradle-2.14.1/lib/plugins/wagon-file-2.4.jar
7fdb9a094000-7fdb9a096000 r--s 00002000 08:01 1600564                    /home/bosco/android-studio/gradle/gradle-2.14.1/lib/plugins/plexus-cipher-1.7.jar
7fdb9a096000-7fdb9a099000 r--s 00013000 08:01 1600600                    /home/bosco/android-studio/gradle/gradle-2.14.1/lib/plugins/aether-api-1.13.1.jar
7fdb9a099000-7fdb9a09b000 r--s 0000a000 08:01 1600523                    /home/bosco/android-studio/gradle/gradle-2.14.1/lib/plugins/maven-settings-3.0.4.jar
7fdb9a09b000-7fdb9a09d000 r--s 0000d000 08:01 1600556                    /home/bosco/android-studio/gradle/gradle-2.14.1/lib/plugins/plexus-interpolation-1.14.jar
7fdb9a09d000-7fdb9a09f000 r--s 0000b000 08:01 1600579                    /home/bosco/android-studio/gradle/gradle-2.14.1/lib/plugins/maven-artifact-3.0.4.jar
7fdb9a09f000-7fdb9a0a6000 r--s 0002e000 08:01 1600515                    /home/bosco/android-studio/gradle/gradle-2.14.1/lib/plugins/plexus-container-default-1.5.5.jar
7fdb9a0a6000-7fdb9a0a8000 r--s 0000b000 08:01 1600543                    /home/bosco/android-studio/gradle/gradle-2.14.1/lib/plugins/maven-plugin-api-3.0.4.jar
7fdb9a0a8000-7fdb9a0aa000 r--s 00000000 08:01 1600546                    /home/bosco/android-studio/gradle/gradle-2.14.1/lib/plugins/plexus-component-annotations-1.5.5.jar
7fdb9a0aa000-7fdb9a0b0000 r--s 0003f000 08:01 1600557                    /home/bosco/android-studio/gradle/gradle-2.14.1/lib/plugins/maven-compat-3.0.4.jar
7fdb9a0b0000-7fdb9a0b3000 r--s 00008000 08:01 1600531                    /home/bosco/android-studio/gradle/gradle-2.14.1/lib/plugins/maven-settings-builder-3.0.4.jar
7fdb9a0b3000-7fdb9a0b5000 r--s 00026000 08:01 1600598                    /home/bosco/android-studio/gradle/gradle-2.14.1/lib/plugins/maven-model-3.0.4.jar
7fdb9a0b5000-7fdb9a0b7000 r--s 00006000 08:01 1600575                    /home/bosco/android-studio/gradle/gradle-2.14.1/lib/plugins/aether-connector-wagon-1.13.1.jar
7fdb9a0b7000-7fdb9a0b9000 r--s 0000a000 08:01 1600516                    /home/bosco/android-studio/gradle/gradle-2.14.1/lib/plugins/plexus-classworlds-2.4.jar
7fdb9a0b9000-7fdb9a0bb000 r--s 00006000 08:01 1600559                    /home/bosco/android-studio/gradle/gradle-2.14.1/lib/plugins/maven-repository-metadata-3.0.4.jar
7fdb9a0bb000-7fdb9a0bd000 r--s 0000c000 08:01 1600535                    /home/bosco/android-studio/gradle/gradle-2.14.1/lib/plugins/maven-aether-provider-3.0.4.jar
7fdb9a0bd000-7fdb9a0bf000 r--s 0000b000 08:01 1600525                    /home/bosco/android-studio/gradle/gradle-2.14.1/lib/plugins/wagon-provider-api-2.4.jar
7fdb9a0bf000-7fdb9a0c3000 r--s 0001c000 08:01 1600589                    /home/bosco/android-studio/gradle/gradle-2.14.1/lib/plugins/aether-util-1.13.1.jar
7fdb9a0c3000-7fdb9a0c6000 r--s 0001d000 08:01 1600553                    /home/bosco/android-studio/gradle/gradle-2.14.1/lib/plugins/aether-impl-1.13.1.jar
7fdb9a0c6000-7fdb9a0cb000 r--s 00040000 08:01 1600493                    /home/bosco/android-studio/gradle/gradle-2.14.1/lib/plugins/jsch-0.1.53.jar
7fdb9a0cb000-7fdb9a10b000 r--s 00277000 08:01 1600497                    /home/bosco/android-studio/gradle/gradle-2.14.1/lib/plugins/bcprov-jdk15on-1.51.jar
7fdb9a10b000-7fdb9a10f000 r--s 0001d000 08:01 1600538                    /home/bosco/android-studio/gradle/gradle-2.14.1/lib/plugins/xbean-reflect-3.4.jar
7fdb9a10f000-7fdb9a11b000 r--s 0007d000 08:01 1600562                    /home/bosco/android-studio/gradle/gradle-2.14.1/lib/plugins/maven-core-3.0.4.jar
7fdb9a11b000-7fdb9a120000 r--s 0002a000 08:01 1600532                    /home/bosco/android-studio/gradle/gradle-2.14.1/lib/plugins/gson-2.2.4.jar
7fdb9a120000-7fdb9a12f000 r--s 000d9000 08:01 1600513                    /home/bosco/android-studio/gradle/gradle-2.14.1/lib/plugins/ivy-2.2.0.jar
7fdb9a12f000-7fdb9a145000 r-xp 00000000 08:01 135818                     /lib/x86_64-linux-gnu/libgcc_s.so.1
7fdb9a145000-7fdb9a344000 ---p 00016000 08:01 135818                     /lib/x86_64-linux-gnu/libgcc_s.so.1
7fdb9a344000-7fdb9a345000 r--p 00015000 08:01 135818                     /lib/x86_64-linux-gnu/libgcc_s.so.1
7fdb9a345000-7fdb9a346000 rw-p 00016000 08:01 135818                     /lib/x86_64-linux-gnu/libgcc_s.so.1
7fdb9a346000-7fdb9a4be000 r-xp 00000000 08:01 1709518                    /usr/lib/x86_64-linux-gnu/libstdc++.so.6.0.22
7fdb9a4be000-7fdb9a6be000 ---p 00178000 08:01 1709518                    /usr/lib/x86_64-linux-gnu/libstdc++.so.6.0.22
7fdb9a6be000-7fdb9a6c8000 r--p 00178000 08:01 1709518                    /usr/lib/x86_64-linux-gnu/libstdc++.so.6.0.22
7fdb9a6c8000-7fdb9a6ca000 rw-p 00182000 08:01 1709518                    /usr/lib/x86_64-linux-gnu/libstdc++.so.6.0.22
7fdb9a6ca000-7fdb9a6ce000 rw-p 00000000 00:00 0 
7fdb9a6ce000-7fdb9a6cf000 r--s 00002000 08:01 1600487                    /home/bosco/android-studio/gradle/gradle-2.14.1/lib/plugins/wagon-http-2.4.jar
7fdb9a6cf000-7fdb9a6d0000 r--s 00003000 08:01 1600491                    /home/bosco/android-studio/gradle/gradle-2.14.1/lib/plugins/aether-spi-1.13.1.jar
7fdb9a6d0000-7fdb9a6ec000 r--s 000d3000 08:01 1600537                    /home/bosco/android-studio/gradle/gradle-2.14.1/lib/plugins/gradle-dependency-management-2.14.1.jar
7fdb9a6ec000-7fdb9a6f0000 r-xp 00000000 08:01 1601021                    /home/bosco/.gradle/native/19/linux-amd64/libnative-platform.so
7fdb9a6f0000-7fdb9a8ef000 ---p 00004000 08:01 1601021                    /home/bosco/.gradle/native/19/linux-amd64/libnative-platform.so
7fdb9a8ef000-7fdb9a8f0000 rw-p 00003000 08:01 1601021                    /home/bosco/.gradle/native/19/linux-amd64/libnative-platform.so
7fdb9a8f0000-7fdb9a901000 r-xp 00000000 08:01 1592741                    /home/bosco/android-studio/jre/jre/lib/amd64/libnio.so
7fdb9a901000-7fdb9ab00000 ---p 00011000 08:01 1592741                    /home/bosco/android-studio/jre/jre/lib/amd64/libnio.so
7fdb9ab00000-7fdb9ab01000 r--p 00010000 08:01 1592741                    /home/bosco/android-studio/jre/jre/lib/amd64/libnio.so
7fdb9ab01000-7fdb9ab02000 rw-p 00011000 08:01 1592741                    /home/bosco/android-studio/jre/jre/lib/amd64/libnio.so
7fdb9ab02000-7fdb9ab19000 r-xp 00000000 08:01 1592739                    /home/bosco/android-studio/jre/jre/lib/amd64/libnet.so
7fdb9ab19000-7fdb9ad18000 ---p 00017000 08:01 1592739                    /home/bosco/android-studio/jre/jre/lib/amd64/libnet.so
7fdb9ad18000-7fdb9ad19000 r--p 00016000 08:01 1592739                    /home/bosco/android-studio/jre/jre/lib/amd64/libnet.so
7fdb9ad19000-7fdb9ad1a000 rw-p 00017000 08:01 1592739                    /home/bosco/android-studio/jre/jre/lib/amd64/libnet.so
7fdb9ad1a000-7fdb9ad1c000 r--s 00005000 08:01 1600456                    /home/bosco/android-studio/gradle/gradle-2.14.1/lib/gradle-wrapper-2.14.1.jar
7fdb9ad1c000-7fdb9ad2a000 r--s 0004f000 08:01 1600441                    /home/bosco/android-studio/gradle/gradle-2.14.1/lib/gradle-tooling-api-2.14.1.jar
7fdb9ad2a000-7fdb9ad2c000 r--s 00002000 08:01 1600445                    /home/bosco/android-studio/gradle/gradle-2.14.1/lib/gradle-open-api-2.14.1.jar
7fdb9ad2c000-7fdb9ad32000 r--s 00032000 08:01 1600479                    /home/bosco/android-studio/gradle/gradle-2.14.1/lib/jaxen-1.1.jar
7fdb9ad32000-7fdb9ad37000 r--s 00048000 08:01 1600444                    /home/bosco/android-studio/gradle/gradle-2.14.1/lib/dom4j-1.6.1.jar
7fdb9ad37000-7fdb9ad38000 ---p 00000000 00:00 0 
7fdb9ad38000-7fdb9ae38000 rw-p 00000000 00:00 0 
7fdb9ae38000-7fdb9ae3b000 ---p 00000000 00:00 0 
7fdb9ae3b000-7fdb9af39000 rw-p 00000000 00:00 0 
7fdb9af39000-7fdb9af3c000 ---p 00000000 00:00 0 
7fdb9af3c000-7fdb9b03a000 rw-p 00000000 00:00 0 
7fdb9b03a000-7fdb9b03d000 ---p 00000000 00:00 0 
7fdb9b03d000-7fdb9b13b000 rw-p 00000000 00:00 0 
7fdb9b13b000-7fdb9b13e000 ---p 00000000 00:00 0 
7fdb9b13e000-7fdb9b23c000 rw-p 00000000 00:00 0 
7fdb9b23c000-7fdb9b23f000 ---p 00000000 00:00 0 
7fdb9b23f000-7fdb9b33d000 rw-p 00000000 00:00 0 
7fdb9b33d000-7fdb9bcfd000 r--p 00000000 08:01 1706644                    /usr/lib/locale/locale-archive
7fdb9bcfd000-7fdb9bd00000 ---p 00000000 00:00 0 
7fdb9bd00000-7fdb9bdfe000 rw-p 00000000 00:00 0 
7fdb9bdfe000-7fdb9be01000 ---p 00000000 00:00 0 
7fdb9be01000-7fdb9beff000 rw-p 00000000 00:00 0 
7fdb9beff000-7fdb9bf00000 ---p 00000000 00:00 0 
7fdb9bf00000-7fdb9c000000 rw-p 00000000 00:00 0 
7fdb9c000000-7fdb9c045000 rw-p 00000000 00:00 0 
7fdb9c045000-7fdba0000000 ---p 00000000 00:00 0 
7fdba0000000-7fdba0001000 r--s 00006000 08:01 1600560                    /home/bosco/android-studio/gradle/gradle-2.14.1/lib/plugins/plexus-sec-dispatcher-1.3.jar
7fdba0001000-7fdba000c000 r--s 00059000 08:01 1600473                    /home/bosco/android-studio/gradle/gradle-2.14.1/lib/gradle-ui-2.14.1.jar
7fdba000c000-7fdba000f000 r--s 0000b000 08:01 1600602                    /home/bosco/android-studio/gradle/gradle-2.14.1/lib/gradle-resources-2.14.1.jar
7fdba000f000-7fdba0011000 r--s 00003000 08:01 1600482                    /home/bosco/android-studio/gradle/gradle-2.14.1/lib/jcl-over-slf4j-1.7.10.jar
7fdba0011000-7fdba0012000 r--s 00005000 08:01 1600476                    /home/bosco/android-studio/gradle/gradle-2.14.1/lib/log4j-over-slf4j-1.7.10.jar
7fdba0012000-7fdba0014000 r--s 00000000 08:01 1600603                    /home/bosco/android-studio/gradle/gradle-2.14.1/lib/jul-to-slf4j-1.7.10.jar
7fdba0014000-7fdba0019000 r--s 0001c000 08:01 1600454                    /home/bosco/android-studio/gradle/gradle-2.14.1/lib/gradle-logging-2.14.1.jar
7fdba0019000-7fdba001b000 r--s 00007000 08:01 1600485                    /home/bosco/android-studio/gradle/gradle-2.14.1/lib/objenesis-1.2.jar
7fdba001b000-7fdba001d000 r--s 00000000 08:01 1600449                    /home/bosco/android-studio/gradle/gradle-2.14.1/lib/minlog-1.2.jar
7fdba001d000-7fdba001f000 r--s 0000f000 08:01 1600460                    /home/bosco/android-studio/gradle/gradle-2.14.1/lib/reflectasm-1.07-shaded.jar
7fdba001f000-7fdba0023000 r--s 00026000 08:01 1600474                    /home/bosco/android-studio/gradle/gradle-2.14.1/lib/kryo-2.20.jar
7fdba0023000-7fdba0029000 r--s 00025000 08:01 1600443                    /home/bosco/android-studio/gradle/gradle-2.14.1/lib/gradle-messaging-2.14.1.jar
7fdba0029000-7fdba002a000 r--s 00003000 08:01 1600481                    /home/bosco/android-studio/gradle/gradle-2.14.1/lib/native-platform-freebsd-amd64-0.10.jar
7fdba002a000-7fdba002b000 r--s 00003000 08:01 1600463                    /home/bosco/android-studio/gradle/gradle-2.14.1/lib/native-platform-freebsd-i386-0.10.jar
7fdba002b000-7fdba002c000 r--s 00005000 08:01 1600451                    /home/bosco/android-studio/gradle/gradle-2.14.1/lib/native-platform-windows-i386-0.10.jar
7fdba002c000-7fdba002d000 r--s 00005000 08:01 1600450                    /home/bosco/android-studio/gradle/gradle-2.14.1/lib/native-platform-windows-amd64-0.10.jar
7fdba002d000-7fdba002e000 r--s 00003000 08:01 1600464                    /home/bosco/android-studio/gradle/gradle-2.14.1/lib/native-platform-linux-i386-0.10.jar
7fdba002e000-7fdba002f000 r--s 00003000 08:01 1600448                    /home/bosco/android-studio/gradle/gradle-2.14.1/lib/native-platform-linux-amd64-0.10.jar
7fdba002f000-7fdba0030000 r--s 00002000 08:01 1600447                    /home/bosco/android-studio/gradle/gradle-2.14.1/lib/native-platform-osx-amd64-0.10.jar
7fdba0030000-7fdba0032000 r--s 00008000 08:01 1600478                    /home/bosco/android-studio/gradle/gradle-2.14.1/lib/jansi-1.2.1.jar
7fdba0032000-7fdba0035000 r--s 0000d000 08:01 1600472                    /home/bosco/android-studio/gradle/gradle-2.14.1/lib/native-platform-0.10.jar
7fdba0035000-7fdba0039000 r--s 000e4000 08:01 1600471                    /home/bosco/android-studio/gradle/gradle-2.14.1/lib/jna-3.2.7.jar
7fdba0039000-7fdba003b000 r--s 00009000 08:01 1600483                    /home/bosco/android-studio/gradle/gradle-2.14.1/lib/gradle-native-2.14.1.jar
7fdba003b000-7fdba00aa000 r--s 0063e000 08:01 1600606                    /home/bosco/android-studio/gradle/gradle-2.14.1/lib/groovy-all-2.4.4.jar
7fdba00aa000-7fdba00d2000 r--s 001cf000 08:01 1600457                    /home/bosco/android-studio/gradle/gradle-2.14.1/lib/guava-jdk5-17.0.jar
7fdba00d2000-7fdba00f1000 r--s 001d1000 08:01 1600455                    /home/bosco/android-studio/gradle/gradle-2.14.1/lib/ant-1.9.6.jar
7fdba00f1000-7fdba4000000 rw-p 00000000 00:00 0 
7fdba4000000-7fdba402d000 rw-p 00000000 00:00 0 
7fdba402d000-7fdba8000000 ---p 00000000 00:00 0 
7fdba8000000-7fdba8061000 rw-p 00000000 00:00 0 
7fdba8061000-7fdbac000000 ---p 00000000 00:00 0 
7fdbac000000-7fdbac021000 rw-p 00000000 00:00 0 
7fdbac021000-7fdbb0000000 ---p 00000000 00:00 0 
7fdbb0000000-7fdbb0037000 r--s 001bd000 08:01 1600458                    /home/bosco/android-studio/gradle/gradle-2.14.1/lib/gradle-core-2.14.1.jar
7fdbb0037000-7fdbb00bb000 rw-p 00000000 00:00 0 
7fdbb00bb000-7fdbb0288000 r--s 03bec000 08:01 1592708                    /home/bosco/android-studio/jre/jre/lib/rt.jar
7fdbb0288000-7fdbb0dfe000 rw-p 00000000 00:00 0 
7fdbb0dfe000-7fdbb0dff000 ---p 00000000 00:00 0 
7fdbb0dff000-7fdbb0eff000 rw-p 00000000 00:00 0 
7fdbb0eff000-7fdbb0f00000 ---p 00000000 00:00 0 
7fdbb0f00000-7fdbb1000000 rw-p 00000000 00:00 0 
7fdbb1000000-7fdbb2e90000 rwxp 00000000 00:00 0 
7fdbb2e90000-7fdbc0000000 ---p 00000000 00:00 0 
7fdbc0000000-7fdbc0bcf000 rw-p 00000000 00:00 0 
7fdbc0bcf000-7fdbc4000000 ---p 00000000 00:00 0 
7fdbc4000000-7fdbc4001000 r--s 00002000 08:01 1600477                    /home/bosco/android-studio/gradle/gradle-2.14.1/lib/native-platform-osx-i386-0.10.jar
7fdbc4001000-7fdbc4010000 r--s 00080000 08:01 1600469                    /home/bosco/android-studio/gradle/gradle-2.14.1/lib/gradle-model-core-2.14.1.jar
7fdbc4010000-7fdbc401d000 r--s 00083000 08:01 1600604                    /home/bosco/android-studio/gradle/gradle-2.14.1/lib/commons-collections-3.2.2.jar
7fdbc401d000-7fdbc406a000 rw-p 00000000 00:00 0 
7fdbc406a000-7fdbc406b000 ---p 00000000 00:00 0 
7fdbc406b000-7fdbc416b000 rw-p 00000000 00:00 0 
7fdbc416b000-7fdbc416c000 ---p 00000000 00:00 0 
7fdbc416c000-7fdbc42a2000 rw-p 00000000 00:00 0 
7fdbc42a2000-7fdbc446c000 ---p 00000000 00:00 0 
7fdbc446c000-7fdbc44a2000 rw-p 00000000 00:00 0 
7fdbc44a2000-7fdbc466c000 ---p 00000000 00:00 0 
7fdbc466c000-7fdbc475c000 rw-p 00000000 00:00 0 
7fdbc475c000-7fdbc476c000 ---p 00000000 00:00 0 
7fdbc476c000-7fdbc47e8000 rw-p 00000000 00:00 0 
7fdbc47e8000-7fdbc4b2d000 ---p 00000000 00:00 0 
7fdbc4b2d000-7fdbc4b47000 r-xp 00000000 08:01 1592736                    /home/bosco/android-studio/jre/jre/lib/amd64/libzip.so
7fdbc4b47000-7fdbc4d47000 ---p 0001a000 08:01 1592736                    /home/bosco/android-studio/jre/jre/lib/amd64/libzip.so
7fdbc4d47000-7fdbc4d48000 r--p 0001a000 08:01 1592736                    /home/bosco/android-studio/jre/jre/lib/amd64/libzip.so
7fdbc4d48000-7fdbc4d49000 rw-p 0001b000 08:01 1592736                    /home/bosco/android-studio/jre/jre/lib/amd64/libzip.so
7fdbc4d49000-7fdbc4d54000 r-xp 00000000 08:01 146221                     /lib/x86_64-linux-gnu/libnss_files-2.24.so
7fdbc4d54000-7fdbc4f53000 ---p 0000b000 08:01 146221                     /lib/x86_64-linux-gnu/libnss_files-2.24.so
7fdbc4f53000-7fdbc4f54000 r--p 0000a000 08:01 146221                     /lib/x86_64-linux-gnu/libnss_files-2.24.so
7fdbc4f54000-7fdbc4f55000 rw-p 0000b000 08:01 146221                     /lib/x86_64-linux-gnu/libnss_files-2.24.so
7fdbc4f55000-7fdbc4f5b000 rw-p 00000000 00:00 0 
7fdbc4f5b000-7fdbc4f66000 r-xp 00000000 08:01 146223                     /lib/x86_64-linux-gnu/libnss_nis-2.24.so
7fdbc4f66000-7fdbc5165000 ---p 0000b000 08:01 146223                     /lib/x86_64-linux-gnu/libnss_nis-2.24.so
7fdbc5165000-7fdbc5166000 r--p 0000a000 08:01 146223                     /lib/x86_64-linux-gnu/libnss_nis-2.24.so
7fdbc5166000-7fdbc5167000 rw-p 0000b000 08:01 146223                     /lib/x86_64-linux-gnu/libnss_nis-2.24.so
7fdbc5167000-7fdbc517d000 r-xp 00000000 08:01 146218                     /lib/x86_64-linux-gnu/libnsl-2.24.so
7fdbc517d000-7fdbc537c000 ---p 00016000 08:01 146218                     /lib/x86_64-linux-gnu/libnsl-2.24.so
7fdbc537c000-7fdbc537d000 r--p 00015000 08:01 146218                     /lib/x86_64-linux-gnu/libnsl-2.24.so
7fdbc537d000-7fdbc537e000 rw-p 00016000 08:01 146218                     /lib/x86_64-linux-gnu/libnsl-2.24.so
7fdbc537e000-7fdbc5380000 rw-p 00000000 00:00 0 
7fdbc5380000-7fdbc5388000 r-xp 00000000 08:01 146219                     /lib/x86_64-linux-gnu/libnss_compat-2.24.so
7fdbc5388000-7fdbc5587000 ---p 00008000 08:01 146219                     /lib/x86_64-linux-gnu/libnss_compat-2.24.so
7fdbc5587000-7fdbc5588000 r--p 00007000 08:01 146219                     /lib/x86_64-linux-gnu/libnss_compat-2.24.so
7fdbc5588000-7fdbc5589000 rw-p 00008000 08:01 146219                     /lib/x86_64-linux-gnu/libnss_compat-2.24.so
7fdbc5589000-7fdbc55b6000 r-xp 00000000 08:01 1592746                    /home/bosco/android-studio/jre/jre/lib/amd64/libjava.so
7fdbc55b6000-7fdbc57b5000 ---p 0002d000 08:01 1592746                    /home/bosco/android-studio/jre/jre/lib/amd64/libjava.so
7fdbc57b5000-7fdbc57b6000 r--p 0002c000 08:01 1592746                    /home/bosco/android-studio/jre/jre/lib/amd64/libjava.so
7fdbc57b6000-7fdbc57b8000 rw-p 0002d000 08:01 1592746                    /home/bosco/android-studio/jre/jre/lib/amd64/libjava.so
7fdbc57b8000-7fdbc57c8000 r-xp 00000000 08:01 1592762                    /home/bosco/android-studio/jre/jre/lib/amd64/libverify.so
7fdbc57c8000-7fdbc59c7000 ---p 00010000 08:01 1592762                    /home/bosco/android-studio/jre/jre/lib/amd64/libverify.so
7fdbc59c7000-7fdbc59c9000 r--p 0000f000 08:01 1592762                    /home/bosco/android-studio/jre/jre/lib/amd64/libverify.so
7fdbc59c9000-7fdbc59ca000 rw-p 00011000 08:01 1592762                    /home/bosco/android-studio/jre/jre/lib/amd64/libverify.so
7fdbc59ca000-7fdbc59d1000 r-xp 00000000 08:01 146228                     /lib/x86_64-linux-gnu/librt-2.24.so
7fdbc59d1000-7fdbc5bd0000 ---p 00007000 08:01 146228                     /lib/x86_64-linux-gnu/librt-2.24.so
7fdbc5bd0000-7fdbc5bd1000 r--p 00006000 08:01 146228                     /lib/x86_64-linux-gnu/librt-2.24.so
7fdbc5bd1000-7fdbc5bd2000 rw-p 00007000 08:01 146228                     /lib/x86_64-linux-gnu/librt-2.24.so
7fdbc5bd2000-7fdbc5cda000 r-xp 00000000 08:01 146215                     /lib/x86_64-linux-gnu/libm-2.24.so
7fdbc5cda000-7fdbc5ed9000 ---p 00108000 08:01 146215                     /lib/x86_64-linux-gnu/libm-2.24.so
7fdbc5ed9000-7fdbc5eda000 r--p 00107000 08:01 146215                     /lib/x86_64-linux-gnu/libm-2.24.so
7fdbc5eda000-7fdbc5edb000 rw-p 00108000 08:01 146215                     /lib/x86_64-linux-gnu/libm-2.24.so
7fdbc5edb000-7fdbc6ac1000 r-xp 00000000 08:01 1592766                    /home/bosco/android-studio/jre/jre/lib/amd64/server/libjvm.so
7fdbc6ac1000-7fdbc6cc1000 ---p 00be6000 08:01 1592766                    /home/bosco/android-studio/jre/jre/lib/amd64/server/libjvm.so
7fdbc6cc1000-7fdbc6d60000 r--p 00be6000 08:01 1592766                    /home/bosco/android-studio/jre/jre/lib/amd64/server/libjvm.so
7fdbc6d60000-7fdbc6d89000 rw-p 00c85000 08:01 1592766                    /home/bosco/android-studio/jre/jre/lib/amd64/server/libjvm.so
7fdbc6d89000-7fdbc6dcb000 rw-p 00000000 00:00 0 
7fdbc6dcb000-7fdbc6de3000 r-xp 00000000 08:01 146226                     /lib/x86_64-linux-gnu/libpthread-2.24.so
7fdbc6de3000-7fdbc6fe3000 ---p 00018000 08:01 146226                     /lib/x86_64-linux-gnu/libpthread-2.24.so
7fdbc6fe3000-7fdbc6fe4000 r--p 00018000 08:01 146226                     /lib/x86_64-linux-gnu/libpthread-2.24.so
7fdbc6fe4000-7fdbc6fe5000 rw-p 00019000 08:01 146226                     /lib/x86_64-linux-gnu/libpthread-2.24.so
7fdbc6fe5000-7fdbc6fe9000 rw-p 00000000 00:00 0 
7fdbc6fe9000-7fdbc6fec000 r-xp 00000000 08:01 146214                     /lib/x86_64-linux-gnu/libdl-2.24.so
7fdbc6fec000-7fdbc71eb000 ---p 00003000 08:01 146214                     /lib/x86_64-linux-gnu/libdl-2.24.so
7fdbc71eb000-7fdbc71ec000 r--p 00002000 08:01 146214                     /lib/x86_64-linux-gnu/libdl-2.24.so
7fdbc71ec000-7fdbc71ed000 rw-p 00003000 08:01 146214                     /lib/x86_64-linux-gnu/libdl-2.24.so
7fdbc71ed000-7fdbc73aa000 r-xp 00000000 08:01 146211                     /lib/x86_64-linux-gnu/libc-2.24.so
7fdbc73aa000-7fdbc75aa000 ---p 001bd000 08:01 146211                     /lib/x86_64-linux-gnu/libc-2.24.so
7fdbc75aa000-7fdbc75ae000 r--p 001bd000 08:01 146211                     /lib/x86_64-linux-gnu/libc-2.24.so
7fdbc75ae000-7fdbc75b0000 rw-p 001c1000 08:01 146211                     /lib/x86_64-linux-gnu/libc-2.24.so
7fdbc75b0000-7fdbc75b4000 rw-p 00000000 00:00 0 
7fdbc75b4000-7fdbc75ca000 r-xp 00000000 08:01 1592605                    /home/bosco/android-studio/jre/lib/amd64/jli/libjli.so
7fdbc75ca000-7fdbc77c9000 ---p 00016000 08:01 1592605                    /home/bosco/android-studio/jre/lib/amd64/jli/libjli.so
7fdbc77c9000-7fdbc77ca000 r--p 00015000 08:01 1592605                    /home/bosco/android-studio/jre/lib/amd64/jli/libjli.so
7fdbc77ca000-7fdbc77cb000 rw-p 00016000 08:01 1592605                    /home/bosco/android-studio/jre/lib/amd64/jli/libjli.so
7fdbc77cb000-7fdbc77f0000 r-xp 00000000 08:01 146207                     /lib/x86_64-linux-gnu/ld-2.24.so
7fdbc77f0000-7fdbc77f2000 r--s 00005000 08:01 1600484                    /home/bosco/android-studio/gradle/gradle-2.14.1/lib/gradle-cli-2.14.1.jar
7fdbc77f2000-7fdbc77f4000 r--s 00007000 08:01 1600453                    /home/bosco/android-studio/gradle/gradle-2.14.1/lib/gradle-model-groovy-2.14.1.jar
7fdbc77f4000-7fdbc77f5000 r--s 00006000 08:01 1600468                    /home/bosco/android-studio/gradle/gradle-2.14.1/lib/gradle-base-services-groovy-2.14.1.jar
7fdbc77f5000-7fdbc77f6000 r--s 00002000 08:01 1600461                    /home/bosco/android-studio/gradle/gradle-2.14.1/lib/gradle-docs-2.14.1.jar
7fdbc77f6000-7fdbc77f7000 r--s 00000000 08:01 1600605                    /home/bosco/android-studio/gradle/gradle-2.14.1/lib/javax.inject-1.jar
7fdbc77f7000-7fdbc77f8000 r--s 00000000 08:01 1600459                    /home/bosco/android-studio/gradle/gradle-2.14.1/lib/jcip-annotations-1.0.jar
7fdbc77f8000-7fdbc77fc000 r--s 00027000 08:01 1600475                    /home/bosco/android-studio/gradle/gradle-2.14.1/lib/commons-io-2.2.jar
7fdbc77fc000-7fdbc7801000 r--s 00038000 08:01 1600465                    /home/bosco/android-studio/gradle/gradle-2.14.1/lib/asm-all-5.1.jar
7fdbc7801000-7fdbc7802000 r--s 00001000 08:01 1600480                    /home/bosco/android-studio/gradle/gradle-2.14.1/lib/gradle-process-services-2.14.1.jar
7fdbc7802000-7fdbc7803000 r--s 00000000 08:01 1600442                    /home/bosco/android-studio/gradle/gradle-2.14.1/lib/gradle-jvm-services-2.14.1.jar
7fdbc7803000-7fdbc7808000 r--s 00041000 08:01 1600467                    /home/bosco/android-studio/gradle/gradle-2.14.1/lib/commons-lang-2.6.jar
7fdbc7808000-7fdbc7809000 r--s 00007000 08:01 1600452                    /home/bosco/android-studio/gradle/gradle-2.14.1/lib/slf4j-api-1.7.10.jar
7fdbc7809000-7fdbc78cb000 rw-p 00000000 00:00 0 
7fdbc78cb000-7fdbc78ce000 ---p 00000000 00:00 0 
7fdbc78ce000-7fdbc79ce000 rw-p 00000000 00:00 0 
7fdbc79ce000-7fdbc79cf000 r--s 00004000 08:01 1600470                    /home/bosco/android-studio/gradle/gradle-2.14.1/lib/ant-launcher-1.9.6.jar
7fdbc79cf000-7fdbc79d7000 r--s 0003a000 08:01 1600466                    /home/bosco/android-studio/gradle/gradle-2.14.1/lib/gradle-base-services-2.14.1.jar
7fdbc79d7000-7fdbc79e2000 r--s 00051000 08:01 1600462                    /home/bosco/android-studio/gradle/gradle-2.14.1/lib/gradle-launcher-2.14.1.jar
7fdbc79e2000-7fdbc79ea000 rw-s 00000000 08:01 681497                     /tmp/hsperfdata_bosco/8033
7fdbc79ea000-7fdbc79eb000 rw-p 00000000 00:00 0 
7fdbc79eb000-7fdbc79ec000 ---p 00000000 00:00 0 
7fdbc79ec000-7fdbc79ef000 rw-p 00000000 00:00 0 
7fdbc79ef000-7fdbc79f0000 r--p 00024000 08:01 146207                     /lib/x86_64-linux-gnu/ld-2.24.so
7fdbc79f0000-7fdbc79f1000 rw-p 00025000 08:01 146207                     /lib/x86_64-linux-gnu/ld-2.24.so
7fdbc79f1000-7fdbc79f2000 rw-p 00000000 00:00 0 
7ffdaf98c000-7ffdaf9ad000 rw-p 00000000 00:00 0                          [stack]
7ffdaf9f8000-7ffdaf9fa000 r--p 00000000 00:00 0                          [vvar]
7ffdaf9fa000-7ffdaf9fc000 r-xp 00000000 00:00 0                          [vdso]
ffffffffff600000-ffffffffff601000 r-xp 00000000 00:00 0                  [vsyscall]

VM Arguments:
jvm_args: -Xmx1536m -Dfile.encoding=UTF-8 -Duser.country=GB -Duser.language=en -Duser.variant 
java_command: org.gradle.launcher.daemon.bootstrap.GradleDaemon 2.14.1
java_class_path (initial): /home/bosco/android-studio/gradle/gradle-2.14.1/lib/gradle-launcher-2.14.1.jar
Launcher Type: SUN_STANDARD

Environment Variables:
PATH=/home/bosco/bin:/home/bosco/.local/bin:/usr/local/sbin:/usr/local/bin:/usr/sbin:/usr/bin:/sbin:/bin:/usr/games:/usr/local/games:/snap/bin
LD_LIBRARY_PATH=/home/bosco/android-studio/bin:
SHELL=/bin/bash
DISPLAY=:0

Signal Handlers:
SIGSEGV: [libjvm.so+0x9daac0], sa_mask[0]=11111111011111111101111111111110, sa_flags=SA_RESTART|SA_SIGINFO
SIGBUS: [libjvm.so+0x9daac0], sa_mask[0]=11111111011111111101111111111110, sa_flags=SA_RESTART|SA_SIGINFO
SIGFPE: [libjvm.so+0x840d90], sa_mask[0]=11111111011111111101111111111110, sa_flags=SA_RESTART|SA_SIGINFO
SIGPIPE: [libjvm.so+0x840d90], sa_mask[0]=11111111011111111101111111111110, sa_flags=SA_RESTART|SA_SIGINFO
SIGXFSZ: [libjvm.so+0x840d90], sa_mask[0]=11111111011111111101111111111110, sa_flags=SA_RESTART|SA_SIGINFO
SIGILL: [libjvm.so+0x840d90], sa_mask[0]=11111111011111111101111111111110, sa_flags=SA_RESTART|SA_SIGINFO
SIGUSR1: SIG_DFL, sa_mask[0]=00000000000000000000000000000000, sa_flags=none
SIGUSR2: [libjvm.so+0x840c60], sa_mask[0]=00100000000000000000000000000000, sa_flags=SA_RESTART|SA_SIGINFO
SIGHUP: [libjvm.so+0x840e50], sa_mask[0]=11111111011111111101111111111110, sa_flags=SA_RESTART|SA_SIGINFO
SIGINT: [libjvm.so+0x840e50], sa_mask[0]=11111111011111111101111111111110, sa_flags=SA_RESTART|SA_SIGINFO
SIGTERM: [libjvm.so+0x840e50], sa_mask[0]=11111111011111111101111111111110, sa_flags=SA_RESTART|SA_SIGINFO
SIGQUIT: [libjvm.so+0x840e50], sa_mask[0]=11111111011111111101111111111110, sa_flags=SA_RESTART|SA_SIGINFO


---------------  S Y S T E M  ---------------

OS:DISTRIB_ID=Ubuntu
DISTRIB_RELEASE=16.10
DISTRIB_CODENAME=yakkety
DISTRIB_DESCRIPTION="Ubuntu 16.10"

uname:Linux 4.8.0-26-generic #28-Ubuntu SMP Tue Oct 18 14:39:52 UTC 2016 x86_64
libc:glibc 2.24 NPTL 2.24 
rlimit: STACK 8192k, CORE 0k, NPROC 14843, NOFILE 4096, AS infinity
load average:3.14 1.11 0.63

/proc/meminfo:
MemTotal:        3900792 kB
MemFree:          113856 kB
MemAvailable:      29304 kB
Buffers:            1436 kB
Cached:           178708 kB
SwapCached:         3592 kB
Active:          2987764 kB
Inactive:         599184 kB
Active(anon):    2974932 kB
Inactive(anon):   586984 kB
Active(file):      12832 kB
Inactive(file):    12200 kB
Unevictable:         216 kB
Mlocked:             216 kB
SwapTotal:        975868 kB
SwapFree:              0 kB
Dirty:              3200 kB
Writeback:             0 kB
AnonPages:       3403860 kB
Mapped:           126152 kB
Shmem:            154868 kB
Slab:              95496 kB
SReclaimable:      42088 kB
SUnreclaim:        53408 kB
KernelStack:       11376 kB
PageTables:        48968 kB
NFS_Unstable:          0 kB
Bounce:                0 kB
WritebackTmp:          0 kB
CommitLimit:     2926264 kB
Committed_AS:    8808708 kB
VmallocTotal:   34359738367 kB
VmallocUsed:           0 kB
VmallocChunk:          0 kB
HardwareCorrupted:     0 kB
AnonHugePages:   1294336 kB
ShmemHugePages:        0 kB
ShmemPmdMapped:        0 kB
CmaTotal:              0 kB
CmaFree:               0 kB
HugePages_Total:       0
HugePages_Free:        0
HugePages_Rsvd:        0
HugePages_Surp:        0
Hugepagesize:       2048 kB
DirectMap4k:      148528 kB
DirectMap2M:     3901440 kB


CPU:total 4 (2 cores per cpu, 2 threads per core) family 6 model 58 stepping 9, cmov, cx8, fxsr, mmx, sse, sse2, sse3, ssse3, sse4.1, sse4.2, popcnt, avx, clmul, erms, ht, tsc, tscinvbit, tscinv

/proc/cpuinfo:
processor	: 0
vendor_id	: GenuineIntel
cpu family	: 6
model		: 58
model name	: Intel(R) Core(TM) i5-3317U CPU @ 1.70GHz
stepping	: 9
microcode	: 0x1c
cpu MHz		: 2399.859
cache size	: 3072 KB
physical id	: 0
siblings	: 4
core id		: 0
cpu cores	: 2
apicid		: 0
initial apicid	: 0
fpu		: yes
fpu_exception	: yes
cpuid level	: 13
wp		: yes
flags		: fpu vme de pse tsc msr pae mce cx8 apic sep mtrr pge mca cmov pat pse36 clflush dts acpi mmx fxsr sse sse2 ss ht tm pbe syscall nx rdtscp lm constant_tsc arch_perfmon pebs bts rep_good nopl xtopology nonstop_tsc aperfmperf eagerfpu pni pclmulqdq dtes64 monitor ds_cpl vmx est tm2 ssse3 cx16 xtpr pdcm pcid sse4_1 sse4_2 x2apic popcnt tsc_deadline_timer xsave avx f16c rdrand lahf_lm epb tpr_shadow vnmi flexpriority ept vpid fsgsbase smep erms xsaveopt dtherm ida arat pln pts
bugs		:
bogomips	: 3392.47
clflush size	: 64
cache_alignment	: 64
address sizes	: 36 bits physical, 48 bits virtual
power management:

processor	: 1
vendor_id	: GenuineIntel
cpu family	: 6
model		: 58
model name	: Intel(R) Core(TM) i5-3317U CPU @ 1.70GHz
stepping	: 9
microcode	: 0x1c
cpu MHz		: 2522.918
cache size	: 3072 KB
physical id	: 0
siblings	: 4
core id		: 0
cpu cores	: 2
apicid		: 1
initial apicid	: 1
fpu		: yes
fpu_exception	: yes
cpuid level	: 13
wp		: yes
flags		: fpu vme de pse tsc msr pae mce cx8 apic sep mtrr pge mca cmov pat pse36 clflush dts acpi mmx fxsr sse sse2 ss ht tm pbe syscall nx rdtscp lm constant_tsc arch_perfmon pebs bts rep_good nopl xtopology nonstop_tsc aperfmperf eagerfpu pni pclmulqdq dtes64 monitor ds_cpl vmx est tm2 ssse3 cx16 xtpr pdcm pcid sse4_1 sse4_2 x2apic popcnt tsc_deadline_timer xsave avx f16c rdrand lahf_lm epb tpr_shadow vnmi flexpriority ept vpid fsgsbase smep erms xsaveopt dtherm ida arat pln pts
bugs		:
bogomips	: 3392.47
clflush size	: 64
cache_alignment	: 64
address sizes	: 36 bits physical, 48 bits virtual
power management:

processor	: 2
vendor_id	: GenuineIntel
cpu family	: 6
model		: 58
model name	: Intel(R) Core(TM) i5-3317U CPU @ 1.70GHz
stepping	: 9
microcode	: 0x1c
cpu MHz		: 2407.330
cache size	: 3072 KB
physical id	: 0
siblings	: 4
core id		: 1
cpu cores	: 2
apicid		: 2
initial apicid	: 2
fpu		: yes
fpu_exception	: yes
cpuid level	: 13
wp		: yes
flags		: fpu vme de pse tsc msr pae mce cx8 apic sep mtrr pge mca cmov pat pse36 clflush dts acpi mmx fxsr sse sse2 ss ht tm pbe syscall nx rdtscp lm constant_tsc arch_perfmon pebs bts rep_good nopl xtopology nonstop_tsc aperfmperf eagerfpu pni pclmulqdq dtes64 monitor ds_cpl vmx est tm2 ssse3 cx16 xtpr pdcm pcid sse4_1 sse4_2 x2apic popcnt tsc_deadline_timer xsave avx f16c rdrand lahf_lm epb tpr_shadow vnmi flexpriority ept vpid fsgsbase smep erms xsaveopt dtherm ida arat pln pts
bugs		:
bogomips	: 3392.47
clflush size	: 64
cache_alignment	: 64
address sizes	: 36 bits physical, 48 bits virtual
power management:

processor	: 3
vendor_id	: GenuineIntel
cpu family	: 6
model		: 58
model name	: Intel(R) Core(TM) i5-3317U CPU @ 1.70GHz
stepping	: 9
microcode	: 0x1c
cpu MHz		: 2399.963
cache size	: 3072 KB
physical id	: 0
siblings	: 4
core id		: 1
cpu cores	: 2
apicid		: 3
initial apicid	: 3
fpu		: yes
fpu_exception	: yes
cpuid level	: 13
wp		: yes
flags		: fpu vme de pse tsc msr pae mce cx8 apic sep mtrr pge mca cmov pat pse36 clflush dts acpi mmx fxsr sse sse2 ss ht tm pbe syscall nx rdtscp lm constant_tsc arch_perfmon pebs bts rep_good nopl xtopology nonstop_tsc aperfmperf eagerfpu pni pclmulqdq dtes64 monitor ds_cpl vmx est tm2 ssse3 cx16 xtpr pdcm pcid sse4_1 sse4_2 x2apic popcnt tsc_deadline_timer xsave avx f16c rdrand lahf_lm epb tpr_shadow vnmi flexpriority ept vpid fsgsbase smep erms xsaveopt dtherm ida arat pln pts
bugs		:
bogomips	: 3392.47
clflush size	: 64
cache_alignment	: 64
address sizes	: 36 bits physical, 48 bits virtual
power management:



Memory: 4k page, physical 3900792k(113856k free), swap 975868k(0k free)

vm_info: OpenJDK 64-Bit Server VM (25.76-b03) for linux-amd64 JRE (1.8.0_76-release-b03), built on Jun 29 2016 09:39:19 by "builder" with gcc 4.8.4

time: Fri Dec  9 00:09:22 2016
elapsed time: 101 seconds (0d 0h 1m 41s)

